The system is: Linux - 4.4.50-v7+ - armv7l
Compiling the C compiler identification source file "CMakeCCompilerId.c" succeeded.
Compiler: /usr/bin/cc 
Build flags: 
Id flags: 

The output was:
0


Compilation of the C compiler identification source "CMakeCCompilerId.c" produced "a.out"

The C compiler identification is GNU, found in "/home/pi/QT/MF/src/eigen3/eigen/build/CMakeFiles/3.6.2/CompilerIdC/a.out"

Compiling the CXX compiler identification source file "CMakeCXXCompilerId.cpp" succeeded.
Compiler: /usr/bin/c++ 
Build flags: 
Id flags: 

The output was:
0


Compilation of the CXX compiler identification source "CMakeCXXCompilerId.cpp" produced "a.out"

The CXX compiler identification is GNU, found in "/home/pi/QT/MF/src/eigen3/eigen/build/CMakeFiles/3.6.2/CompilerIdCXX/a.out"

Determining if the C compiler works passed with the following output:
Change Dir: /home/pi/QT/MF/src/eigen3/eigen/build/CMakeFiles/CMakeTmp

Run Build Command:"/usr/bin/make" "cmTC_03ebf/fast"
/usr/bin/make -f CMakeFiles/cmTC_03ebf.dir/build.make CMakeFiles/cmTC_03ebf.dir/build
make[1]: Entering directory '/home/pi/QT/MF/src/eigen3/eigen/build/CMakeFiles/CMakeTmp'
Building C object CMakeFiles/cmTC_03ebf.dir/testCCompiler.c.o
/usr/bin/cc     -o CMakeFiles/cmTC_03ebf.dir/testCCompiler.c.o   -c /home/pi/QT/MF/src/eigen3/eigen/build/CMakeFiles/CMakeTmp/testCCompiler.c
Linking C executable cmTC_03ebf
/usr/bin/cmake -E cmake_link_script CMakeFiles/cmTC_03ebf.dir/link.txt --verbose=1
/usr/bin/cc       CMakeFiles/cmTC_03ebf.dir/testCCompiler.c.o  -o cmTC_03ebf -rdynamic 
make[1]: Leaving directory '/home/pi/QT/MF/src/eigen3/eigen/build/CMakeFiles/CMakeTmp'


Detecting C compiler ABI info compiled with the following output:
Change Dir: /home/pi/QT/MF/src/eigen3/eigen/build/CMakeFiles/CMakeTmp

Run Build Command:"/usr/bin/make" "cmTC_9c9ca/fast"
/usr/bin/make -f CMakeFiles/cmTC_9c9ca.dir/build.make CMakeFiles/cmTC_9c9ca.dir/build
make[1]: Entering directory '/home/pi/QT/MF/src/eigen3/eigen/build/CMakeFiles/CMakeTmp'
Building C object CMakeFiles/cmTC_9c9ca.dir/CMakeCCompilerABI.c.o
/usr/bin/cc     -o CMakeFiles/cmTC_9c9ca.dir/CMakeCCompilerABI.c.o   -c /usr/share/cmake-3.6/Modules/CMakeCCompilerABI.c
Linking C executable cmTC_9c9ca
/usr/bin/cmake -E cmake_link_script CMakeFiles/cmTC_9c9ca.dir/link.txt --verbose=1
/usr/bin/cc      -v CMakeFiles/cmTC_9c9ca.dir/CMakeCCompilerABI.c.o  -o cmTC_9c9ca -rdynamic  
Using built-in specs.
COLLECT_GCC=/usr/bin/cc
COLLECT_LTO_WRAPPER=/usr/lib/gcc/arm-linux-gnueabihf/4.9/lto-wrapper
Target: arm-linux-gnueabihf
Configured with: ../src/configure -v --with-pkgversion='Raspbian 4.9.2-10' --with-bugurl=file:///usr/share/doc/gcc-4.9/README.Bugs --enable-languages=c,c++,java,go,d,fortran,objc,obj-c++ --prefix=/usr --program-suffix=-4.9 --enable-shared --enable-linker-build-id --libexecdir=/usr/lib --without-included-gettext --enable-threads=posix --with-gxx-include-dir=/usr/include/c++/4.9 --libdir=/usr/lib --enable-nls --with-sysroot=/ --enable-clocale=gnu --enable-libstdcxx-debug --enable-libstdcxx-time=yes --enable-gnu-unique-object --disable-libitm --disable-libquadmath --enable-plugin --with-system-zlib --disable-browser-plugin --enable-java-awt=gtk --enable-gtk-cairo --with-java-home=/usr/lib/jvm/java-1.5.0-gcj-4.9-armhf/jre --enable-java-home --with-jvm-root-dir=/usr/lib/jvm/java-1.5.0-gcj-4.9-armhf --with-jvm-jar-dir=/usr/lib/jvm-exports/java-1.5.0-gcj-4.9-armhf --with-arch-directory=arm --with-ecj-jar=/usr/share/java/eclipse-ecj.jar --enable-objc-gc --enable-multiarch --disable-sjlj-exceptions --with-arch=armv6 --with-fpu=vfp --with-float=hard --enable-checking=release --build=arm-linux-gnueabihf --host=arm-linux-gnueabihf --target=arm-linux-gnueabihf
Thread model: posix
gcc version 4.9.2 (Raspbian 4.9.2-10) 
COMPILER_PATH=/usr/lib/gcc/arm-linux-gnueabihf/4.9/:/usr/lib/gcc/arm-linux-gnueabihf/4.9/:/usr/lib/gcc/arm-linux-gnueabihf/:/usr/lib/gcc/arm-linux-gnueabihf/4.9/:/usr/lib/gcc/arm-linux-gnueabihf/
LIBRARY_PATH=/usr/lib/gcc/arm-linux-gnueabihf/4.9/:/usr/lib/gcc/arm-linux-gnueabihf/4.9/../../../arm-linux-gnueabihf/:/usr/lib/gcc/arm-linux-gnueabihf/4.9/../../../:/lib/arm-linux-gnueabihf/:/lib/:/usr/lib/arm-linux-gnueabihf/:/usr/lib/
COLLECT_GCC_OPTIONS='-v' '-o' 'cmTC_9c9ca' '-rdynamic' '-march=armv6' '-mfloat-abi=hard' '-mfpu=vfp' '-mtls-dialect=gnu'
 /usr/lib/gcc/arm-linux-gnueabihf/4.9/collect2 -plugin /usr/lib/gcc/arm-linux-gnueabihf/4.9/liblto_plugin.so -plugin-opt=/usr/lib/gcc/arm-linux-gnueabihf/4.9/lto-wrapper -plugin-opt=-fresolution=/tmp/ccgoTlde.res -plugin-opt=-pass-through=-lgcc -plugin-opt=-pass-through=-lgcc_s -plugin-opt=-pass-through=-lc -plugin-opt=-pass-through=-lgcc -plugin-opt=-pass-through=-lgcc_s --sysroot=/ --build-id --eh-frame-hdr -export-dynamic -dynamic-linker /lib/ld-linux-armhf.so.3 -X --hash-style=gnu -m armelf_linux_eabi -o cmTC_9c9ca /usr/lib/gcc/arm-linux-gnueabihf/4.9/../../../arm-linux-gnueabihf/crt1.o /usr/lib/gcc/arm-linux-gnueabihf/4.9/../../../arm-linux-gnueabihf/crti.o /usr/lib/gcc/arm-linux-gnueabihf/4.9/crtbegin.o -L/usr/lib/gcc/arm-linux-gnueabihf/4.9 -L/usr/lib/gcc/arm-linux-gnueabihf/4.9/../../../arm-linux-gnueabihf -L/usr/lib/gcc/arm-linux-gnueabihf/4.9/../../.. -L/lib/arm-linux-gnueabihf -L/usr/lib/arm-linux-gnueabihf CMakeFiles/cmTC_9c9ca.dir/CMakeCCompilerABI.c.o -lgcc --as-needed -lgcc_s --no-as-needed -lc -lgcc --as-needed -lgcc_s --no-as-needed /usr/lib/gcc/arm-linux-gnueabihf/4.9/crtend.o /usr/lib/gcc/arm-linux-gnueabihf/4.9/../../../arm-linux-gnueabihf/crtn.o
make[1]: Leaving directory '/home/pi/QT/MF/src/eigen3/eigen/build/CMakeFiles/CMakeTmp'


Parsed C implicit link information from above output:
  link line regex: [^( *|.*[/\])(ld|([^/\]+-)?ld|collect2)[^/\]*( |$)]
  ignore line: [Change Dir: /home/pi/QT/MF/src/eigen3/eigen/build/CMakeFiles/CMakeTmp]
  ignore line: []
  ignore line: [Run Build Command:"/usr/bin/make" "cmTC_9c9ca/fast"]
  ignore line: [/usr/bin/make -f CMakeFiles/cmTC_9c9ca.dir/build.make CMakeFiles/cmTC_9c9ca.dir/build]
  ignore line: [make[1]: Entering directory '/home/pi/QT/MF/src/eigen3/eigen/build/CMakeFiles/CMakeTmp']
  ignore line: [Building C object CMakeFiles/cmTC_9c9ca.dir/CMakeCCompilerABI.c.o]
  ignore line: [/usr/bin/cc     -o CMakeFiles/cmTC_9c9ca.dir/CMakeCCompilerABI.c.o   -c /usr/share/cmake-3.6/Modules/CMakeCCompilerABI.c]
  ignore line: [Linking C executable cmTC_9c9ca]
  ignore line: [/usr/bin/cmake -E cmake_link_script CMakeFiles/cmTC_9c9ca.dir/link.txt --verbose=1]
  ignore line: [/usr/bin/cc      -v CMakeFiles/cmTC_9c9ca.dir/CMakeCCompilerABI.c.o  -o cmTC_9c9ca -rdynamic  ]
  ignore line: [Using built-in specs.]
  ignore line: [COLLECT_GCC=/usr/bin/cc]
  ignore line: [COLLECT_LTO_WRAPPER=/usr/lib/gcc/arm-linux-gnueabihf/4.9/lto-wrapper]
  ignore line: [Target: arm-linux-gnueabihf]
  ignore line: [Configured with: ../src/configure -v --with-pkgversion='Raspbian 4.9.2-10' --with-bugurl=file:///usr/share/doc/gcc-4.9/README.Bugs --enable-languages=c,c++,java,go,d,fortran,objc,obj-c++ --prefix=/usr --program-suffix=-4.9 --enable-shared --enable-linker-build-id --libexecdir=/usr/lib --without-included-gettext --enable-threads=posix --with-gxx-include-dir=/usr/include/c++/4.9 --libdir=/usr/lib --enable-nls --with-sysroot=/ --enable-clocale=gnu --enable-libstdcxx-debug --enable-libstdcxx-time=yes --enable-gnu-unique-object --disable-libitm --disable-libquadmath --enable-plugin --with-system-zlib --disable-browser-plugin --enable-java-awt=gtk --enable-gtk-cairo --with-java-home=/usr/lib/jvm/java-1.5.0-gcj-4.9-armhf/jre --enable-java-home --with-jvm-root-dir=/usr/lib/jvm/java-1.5.0-gcj-4.9-armhf --with-jvm-jar-dir=/usr/lib/jvm-exports/java-1.5.0-gcj-4.9-armhf --with-arch-directory=arm --with-ecj-jar=/usr/share/java/eclipse-ecj.jar --enable-objc-gc --enable-multiarch --disable-sjlj-exceptions --with-arch=armv6 --with-fpu=vfp --with-float=hard --enable-checking=release --build=arm-linux-gnueabihf --host=arm-linux-gnueabihf --target=arm-linux-gnueabihf]
  ignore line: [Thread model: posix]
  ignore line: [gcc version 4.9.2 (Raspbian 4.9.2-10) ]
  ignore line: [COMPILER_PATH=/usr/lib/gcc/arm-linux-gnueabihf/4.9/:/usr/lib/gcc/arm-linux-gnueabihf/4.9/:/usr/lib/gcc/arm-linux-gnueabihf/:/usr/lib/gcc/arm-linux-gnueabihf/4.9/:/usr/lib/gcc/arm-linux-gnueabihf/]
  ignore line: [LIBRARY_PATH=/usr/lib/gcc/arm-linux-gnueabihf/4.9/:/usr/lib/gcc/arm-linux-gnueabihf/4.9/../../../arm-linux-gnueabihf/:/usr/lib/gcc/arm-linux-gnueabihf/4.9/../../../:/lib/arm-linux-gnueabihf/:/lib/:/usr/lib/arm-linux-gnueabihf/:/usr/lib/]
  ignore line: [COLLECT_GCC_OPTIONS='-v' '-o' 'cmTC_9c9ca' '-rdynamic' '-march=armv6' '-mfloat-abi=hard' '-mfpu=vfp' '-mtls-dialect=gnu']
  link line: [ /usr/lib/gcc/arm-linux-gnueabihf/4.9/collect2 -plugin /usr/lib/gcc/arm-linux-gnueabihf/4.9/liblto_plugin.so -plugin-opt=/usr/lib/gcc/arm-linux-gnueabihf/4.9/lto-wrapper -plugin-opt=-fresolution=/tmp/ccgoTlde.res -plugin-opt=-pass-through=-lgcc -plugin-opt=-pass-through=-lgcc_s -plugin-opt=-pass-through=-lc -plugin-opt=-pass-through=-lgcc -plugin-opt=-pass-through=-lgcc_s --sysroot=/ --build-id --eh-frame-hdr -export-dynamic -dynamic-linker /lib/ld-linux-armhf.so.3 -X --hash-style=gnu -m armelf_linux_eabi -o cmTC_9c9ca /usr/lib/gcc/arm-linux-gnueabihf/4.9/../../../arm-linux-gnueabihf/crt1.o /usr/lib/gcc/arm-linux-gnueabihf/4.9/../../../arm-linux-gnueabihf/crti.o /usr/lib/gcc/arm-linux-gnueabihf/4.9/crtbegin.o -L/usr/lib/gcc/arm-linux-gnueabihf/4.9 -L/usr/lib/gcc/arm-linux-gnueabihf/4.9/../../../arm-linux-gnueabihf -L/usr/lib/gcc/arm-linux-gnueabihf/4.9/../../.. -L/lib/arm-linux-gnueabihf -L/usr/lib/arm-linux-gnueabihf CMakeFiles/cmTC_9c9ca.dir/CMakeCCompilerABI.c.o -lgcc --as-needed -lgcc_s --no-as-needed -lc -lgcc --as-needed -lgcc_s --no-as-needed /usr/lib/gcc/arm-linux-gnueabihf/4.9/crtend.o /usr/lib/gcc/arm-linux-gnueabihf/4.9/../../../arm-linux-gnueabihf/crtn.o]
    arg [/usr/lib/gcc/arm-linux-gnueabihf/4.9/collect2] ==> ignore
    arg [-plugin] ==> ignore
    arg [/usr/lib/gcc/arm-linux-gnueabihf/4.9/liblto_plugin.so] ==> ignore
    arg [-plugin-opt=/usr/lib/gcc/arm-linux-gnueabihf/4.9/lto-wrapper] ==> ignore
    arg [-plugin-opt=-fresolution=/tmp/ccgoTlde.res] ==> ignore
    arg [-plugin-opt=-pass-through=-lgcc] ==> ignore
    arg [-plugin-opt=-pass-through=-lgcc_s] ==> ignore
    arg [-plugin-opt=-pass-through=-lc] ==> ignore
    arg [-plugin-opt=-pass-through=-lgcc] ==> ignore
    arg [-plugin-opt=-pass-through=-lgcc_s] ==> ignore
    arg [--sysroot=/] ==> ignore
    arg [--build-id] ==> ignore
    arg [--eh-frame-hdr] ==> ignore
    arg [-export-dynamic] ==> ignore
    arg [-dynamic-linker] ==> ignore
    arg [/lib/ld-linux-armhf.so.3] ==> ignore
    arg [-X] ==> ignore
    arg [--hash-style=gnu] ==> ignore
    arg [-m] ==> ignore
    arg [armelf_linux_eabi] ==> ignore
    arg [-o] ==> ignore
    arg [cmTC_9c9ca] ==> ignore
    arg [/usr/lib/gcc/arm-linux-gnueabihf/4.9/../../../arm-linux-gnueabihf/crt1.o] ==> ignore
    arg [/usr/lib/gcc/arm-linux-gnueabihf/4.9/../../../arm-linux-gnueabihf/crti.o] ==> ignore
    arg [/usr/lib/gcc/arm-linux-gnueabihf/4.9/crtbegin.o] ==> ignore
    arg [-L/usr/lib/gcc/arm-linux-gnueabihf/4.9] ==> dir [/usr/lib/gcc/arm-linux-gnueabihf/4.9]
    arg [-L/usr/lib/gcc/arm-linux-gnueabihf/4.9/../../../arm-linux-gnueabihf] ==> dir [/usr/lib/gcc/arm-linux-gnueabihf/4.9/../../../arm-linux-gnueabihf]
    arg [-L/usr/lib/gcc/arm-linux-gnueabihf/4.9/../../..] ==> dir [/usr/lib/gcc/arm-linux-gnueabihf/4.9/../../..]
    arg [-L/lib/arm-linux-gnueabihf] ==> dir [/lib/arm-linux-gnueabihf]
    arg [-L/usr/lib/arm-linux-gnueabihf] ==> dir [/usr/lib/arm-linux-gnueabihf]
    arg [CMakeFiles/cmTC_9c9ca.dir/CMakeCCompilerABI.c.o] ==> ignore
    arg [-lgcc] ==> lib [gcc]
    arg [--as-needed] ==> ignore
    arg [-lgcc_s] ==> lib [gcc_s]
    arg [--no-as-needed] ==> ignore
    arg [-lc] ==> lib [c]
    arg [-lgcc] ==> lib [gcc]
    arg [--as-needed] ==> ignore
    arg [-lgcc_s] ==> lib [gcc_s]
    arg [--no-as-needed] ==> ignore
    arg [/usr/lib/gcc/arm-linux-gnueabihf/4.9/crtend.o] ==> ignore
    arg [/usr/lib/gcc/arm-linux-gnueabihf/4.9/../../../arm-linux-gnueabihf/crtn.o] ==> ignore
  remove lib [gcc]
  remove lib [gcc_s]
  remove lib [gcc]
  remove lib [gcc_s]
  collapse library dir [/usr/lib/gcc/arm-linux-gnueabihf/4.9] ==> [/usr/lib/gcc/arm-linux-gnueabihf/4.9]
  collapse library dir [/usr/lib/gcc/arm-linux-gnueabihf/4.9/../../../arm-linux-gnueabihf] ==> [/usr/lib/arm-linux-gnueabihf]
  collapse library dir [/usr/lib/gcc/arm-linux-gnueabihf/4.9/../../..] ==> [/usr/lib]
  collapse library dir [/lib/arm-linux-gnueabihf] ==> [/lib/arm-linux-gnueabihf]
  collapse library dir [/usr/lib/arm-linux-gnueabihf] ==> [/usr/lib/arm-linux-gnueabihf]
  implicit libs: [c]
  implicit dirs: [/usr/lib/gcc/arm-linux-gnueabihf/4.9;/usr/lib/arm-linux-gnueabihf;/usr/lib;/lib/arm-linux-gnueabihf]
  implicit fwks: []




Detecting C [-std=c11] compiler features compiled with the following output:
Change Dir: /home/pi/QT/MF/src/eigen3/eigen/build/CMakeFiles/CMakeTmp

Run Build Command:"/usr/bin/make" "cmTC_5f018/fast"
/usr/bin/make -f CMakeFiles/cmTC_5f018.dir/build.make CMakeFiles/cmTC_5f018.dir/build
make[1]: Entering directory '/home/pi/QT/MF/src/eigen3/eigen/build/CMakeFiles/CMakeTmp'
Building C object CMakeFiles/cmTC_5f018.dir/feature_tests.c.o
/usr/bin/cc    -std=c11 -o CMakeFiles/cmTC_5f018.dir/feature_tests.c.o   -c /home/pi/QT/MF/src/eigen3/eigen/build/CMakeFiles/feature_tests.c
Linking C executable cmTC_5f018
/usr/bin/cmake -E cmake_link_script CMakeFiles/cmTC_5f018.dir/link.txt --verbose=1
/usr/bin/cc       CMakeFiles/cmTC_5f018.dir/feature_tests.c.o  -o cmTC_5f018 -rdynamic 
make[1]: Leaving directory '/home/pi/QT/MF/src/eigen3/eigen/build/CMakeFiles/CMakeTmp'


    Feature record: C_FEATURE:1c_function_prototypes
    Feature record: C_FEATURE:1c_restrict
    Feature record: C_FEATURE:1c_static_assert
    Feature record: C_FEATURE:1c_variadic_macros


Detecting C [-std=c99] compiler features compiled with the following output:
Change Dir: /home/pi/QT/MF/src/eigen3/eigen/build/CMakeFiles/CMakeTmp

Run Build Command:"/usr/bin/make" "cmTC_b7338/fast"
/usr/bin/make -f CMakeFiles/cmTC_b7338.dir/build.make CMakeFiles/cmTC_b7338.dir/build
make[1]: Entering directory '/home/pi/QT/MF/src/eigen3/eigen/build/CMakeFiles/CMakeTmp'
Building C object CMakeFiles/cmTC_b7338.dir/feature_tests.c.o
/usr/bin/cc    -std=c99 -o CMakeFiles/cmTC_b7338.dir/feature_tests.c.o   -c /home/pi/QT/MF/src/eigen3/eigen/build/CMakeFiles/feature_tests.c
Linking C executable cmTC_b7338
/usr/bin/cmake -E cmake_link_script CMakeFiles/cmTC_b7338.dir/link.txt --verbose=1
/usr/bin/cc       CMakeFiles/cmTC_b7338.dir/feature_tests.c.o  -o cmTC_b7338 -rdynamic 
make[1]: Leaving directory '/home/pi/QT/MF/src/eigen3/eigen/build/CMakeFiles/CMakeTmp'


    Feature record: C_FEATURE:1c_function_prototypes
    Feature record: C_FEATURE:1c_restrict
    Feature record: C_FEATURE:0c_static_assert
    Feature record: C_FEATURE:1c_variadic_macros


Detecting C [-std=c90] compiler features compiled with the following output:
Change Dir: /home/pi/QT/MF/src/eigen3/eigen/build/CMakeFiles/CMakeTmp

Run Build Command:"/usr/bin/make" "cmTC_d5828/fast"
/usr/bin/make -f CMakeFiles/cmTC_d5828.dir/build.make CMakeFiles/cmTC_d5828.dir/build
make[1]: Entering directory '/home/pi/QT/MF/src/eigen3/eigen/build/CMakeFiles/CMakeTmp'
Building C object CMakeFiles/cmTC_d5828.dir/feature_tests.c.o
/usr/bin/cc    -std=c90 -o CMakeFiles/cmTC_d5828.dir/feature_tests.c.o   -c /home/pi/QT/MF/src/eigen3/eigen/build/CMakeFiles/feature_tests.c
Linking C executable cmTC_d5828
/usr/bin/cmake -E cmake_link_script CMakeFiles/cmTC_d5828.dir/link.txt --verbose=1
/usr/bin/cc       CMakeFiles/cmTC_d5828.dir/feature_tests.c.o  -o cmTC_d5828 -rdynamic 
make[1]: Leaving directory '/home/pi/QT/MF/src/eigen3/eigen/build/CMakeFiles/CMakeTmp'


    Feature record: C_FEATURE:1c_function_prototypes
    Feature record: C_FEATURE:0c_restrict
    Feature record: C_FEATURE:0c_static_assert
    Feature record: C_FEATURE:0c_variadic_macros
Determining if the CXX compiler works passed with the following output:
Change Dir: /home/pi/QT/MF/src/eigen3/eigen/build/CMakeFiles/CMakeTmp

Run Build Command:"/usr/bin/make" "cmTC_6afda/fast"
/usr/bin/make -f CMakeFiles/cmTC_6afda.dir/build.make CMakeFiles/cmTC_6afda.dir/build
make[1]: Entering directory '/home/pi/QT/MF/src/eigen3/eigen/build/CMakeFiles/CMakeTmp'
Building CXX object CMakeFiles/cmTC_6afda.dir/testCXXCompiler.cxx.o
/usr/bin/c++      -o CMakeFiles/cmTC_6afda.dir/testCXXCompiler.cxx.o -c /home/pi/QT/MF/src/eigen3/eigen/build/CMakeFiles/CMakeTmp/testCXXCompiler.cxx
Linking CXX executable cmTC_6afda
/usr/bin/cmake -E cmake_link_script CMakeFiles/cmTC_6afda.dir/link.txt --verbose=1
/usr/bin/c++        CMakeFiles/cmTC_6afda.dir/testCXXCompiler.cxx.o  -o cmTC_6afda -rdynamic 
make[1]: Leaving directory '/home/pi/QT/MF/src/eigen3/eigen/build/CMakeFiles/CMakeTmp'


Detecting CXX compiler ABI info compiled with the following output:
Change Dir: /home/pi/QT/MF/src/eigen3/eigen/build/CMakeFiles/CMakeTmp

Run Build Command:"/usr/bin/make" "cmTC_473f9/fast"
/usr/bin/make -f CMakeFiles/cmTC_473f9.dir/build.make CMakeFiles/cmTC_473f9.dir/build
make[1]: Entering directory '/home/pi/QT/MF/src/eigen3/eigen/build/CMakeFiles/CMakeTmp'
Building CXX object CMakeFiles/cmTC_473f9.dir/CMakeCXXCompilerABI.cpp.o
/usr/bin/c++      -o CMakeFiles/cmTC_473f9.dir/CMakeCXXCompilerABI.cpp.o -c /usr/share/cmake-3.6/Modules/CMakeCXXCompilerABI.cpp
Linking CXX executable cmTC_473f9
/usr/bin/cmake -E cmake_link_script CMakeFiles/cmTC_473f9.dir/link.txt --verbose=1
/usr/bin/c++       -v CMakeFiles/cmTC_473f9.dir/CMakeCXXCompilerABI.cpp.o  -o cmTC_473f9 -rdynamic  
Using built-in specs.
COLLECT_GCC=/usr/bin/c++
COLLECT_LTO_WRAPPER=/usr/lib/gcc/arm-linux-gnueabihf/4.9/lto-wrapper
Target: arm-linux-gnueabihf
Configured with: ../src/configure -v --with-pkgversion='Raspbian 4.9.2-10' --with-bugurl=file:///usr/share/doc/gcc-4.9/README.Bugs --enable-languages=c,c++,java,go,d,fortran,objc,obj-c++ --prefix=/usr --program-suffix=-4.9 --enable-shared --enable-linker-build-id --libexecdir=/usr/lib --without-included-gettext --enable-threads=posix --with-gxx-include-dir=/usr/include/c++/4.9 --libdir=/usr/lib --enable-nls --with-sysroot=/ --enable-clocale=gnu --enable-libstdcxx-debug --enable-libstdcxx-time=yes --enable-gnu-unique-object --disable-libitm --disable-libquadmath --enable-plugin --with-system-zlib --disable-browser-plugin --enable-java-awt=gtk --enable-gtk-cairo --with-java-home=/usr/lib/jvm/java-1.5.0-gcj-4.9-armhf/jre --enable-java-home --with-jvm-root-dir=/usr/lib/jvm/java-1.5.0-gcj-4.9-armhf --with-jvm-jar-dir=/usr/lib/jvm-exports/java-1.5.0-gcj-4.9-armhf --with-arch-directory=arm --with-ecj-jar=/usr/share/java/eclipse-ecj.jar --enable-objc-gc --enable-multiarch --disable-sjlj-exceptions --with-arch=armv6 --with-fpu=vfp --with-float=hard --enable-checking=release --build=arm-linux-gnueabihf --host=arm-linux-gnueabihf --target=arm-linux-gnueabihf
Thread model: posix
gcc version 4.9.2 (Raspbian 4.9.2-10) 
COMPILER_PATH=/usr/lib/gcc/arm-linux-gnueabihf/4.9/:/usr/lib/gcc/arm-linux-gnueabihf/4.9/:/usr/lib/gcc/arm-linux-gnueabihf/:/usr/lib/gcc/arm-linux-gnueabihf/4.9/:/usr/lib/gcc/arm-linux-gnueabihf/
LIBRARY_PATH=/usr/lib/gcc/arm-linux-gnueabihf/4.9/:/usr/lib/gcc/arm-linux-gnueabihf/4.9/../../../arm-linux-gnueabihf/:/usr/lib/gcc/arm-linux-gnueabihf/4.9/../../../:/lib/arm-linux-gnueabihf/:/lib/:/usr/lib/arm-linux-gnueabihf/:/usr/lib/
COLLECT_GCC_OPTIONS='-v' '-o' 'cmTC_473f9' '-rdynamic' '-shared-libgcc' '-march=armv6' '-mfloat-abi=hard' '-mfpu=vfp' '-mtls-dialect=gnu'
 /usr/lib/gcc/arm-linux-gnueabihf/4.9/collect2 -plugin /usr/lib/gcc/arm-linux-gnueabihf/4.9/liblto_plugin.so -plugin-opt=/usr/lib/gcc/arm-linux-gnueabihf/4.9/lto-wrapper -plugin-opt=-fresolution=/tmp/cchbWAaa.res -plugin-opt=-pass-through=-lgcc_s -plugin-opt=-pass-through=-lgcc -plugin-opt=-pass-through=-lc -plugin-opt=-pass-through=-lgcc_s -plugin-opt=-pass-through=-lgcc --sysroot=/ --build-id --eh-frame-hdr -export-dynamic -dynamic-linker /lib/ld-linux-armhf.so.3 -X --hash-style=gnu -m armelf_linux_eabi -o cmTC_473f9 /usr/lib/gcc/arm-linux-gnueabihf/4.9/../../../arm-linux-gnueabihf/crt1.o /usr/lib/gcc/arm-linux-gnueabihf/4.9/../../../arm-linux-gnueabihf/crti.o /usr/lib/gcc/arm-linux-gnueabihf/4.9/crtbegin.o -L/usr/lib/gcc/arm-linux-gnueabihf/4.9 -L/usr/lib/gcc/arm-linux-gnueabihf/4.9/../../../arm-linux-gnueabihf -L/usr/lib/gcc/arm-linux-gnueabihf/4.9/../../.. -L/lib/arm-linux-gnueabihf -L/usr/lib/arm-linux-gnueabihf CMakeFiles/cmTC_473f9.dir/CMakeCXXCompilerABI.cpp.o -lstdc++ -lm -lgcc_s -lgcc -lc -lgcc_s -lgcc /usr/lib/gcc/arm-linux-gnueabihf/4.9/crtend.o /usr/lib/gcc/arm-linux-gnueabihf/4.9/../../../arm-linux-gnueabihf/crtn.o
make[1]: Leaving directory '/home/pi/QT/MF/src/eigen3/eigen/build/CMakeFiles/CMakeTmp'


Parsed CXX implicit link information from above output:
  link line regex: [^( *|.*[/\])(ld|([^/\]+-)?ld|collect2)[^/\]*( |$)]
  ignore line: [Change Dir: /home/pi/QT/MF/src/eigen3/eigen/build/CMakeFiles/CMakeTmp]
  ignore line: []
  ignore line: [Run Build Command:"/usr/bin/make" "cmTC_473f9/fast"]
  ignore line: [/usr/bin/make -f CMakeFiles/cmTC_473f9.dir/build.make CMakeFiles/cmTC_473f9.dir/build]
  ignore line: [make[1]: Entering directory '/home/pi/QT/MF/src/eigen3/eigen/build/CMakeFiles/CMakeTmp']
  ignore line: [Building CXX object CMakeFiles/cmTC_473f9.dir/CMakeCXXCompilerABI.cpp.o]
  ignore line: [/usr/bin/c++      -o CMakeFiles/cmTC_473f9.dir/CMakeCXXCompilerABI.cpp.o -c /usr/share/cmake-3.6/Modules/CMakeCXXCompilerABI.cpp]
  ignore line: [Linking CXX executable cmTC_473f9]
  ignore line: [/usr/bin/cmake -E cmake_link_script CMakeFiles/cmTC_473f9.dir/link.txt --verbose=1]
  ignore line: [/usr/bin/c++       -v CMakeFiles/cmTC_473f9.dir/CMakeCXXCompilerABI.cpp.o  -o cmTC_473f9 -rdynamic  ]
  ignore line: [Using built-in specs.]
  ignore line: [COLLECT_GCC=/usr/bin/c++]
  ignore line: [COLLECT_LTO_WRAPPER=/usr/lib/gcc/arm-linux-gnueabihf/4.9/lto-wrapper]
  ignore line: [Target: arm-linux-gnueabihf]
  ignore line: [Configured with: ../src/configure -v --with-pkgversion='Raspbian 4.9.2-10' --with-bugurl=file:///usr/share/doc/gcc-4.9/README.Bugs --enable-languages=c,c++,java,go,d,fortran,objc,obj-c++ --prefix=/usr --program-suffix=-4.9 --enable-shared --enable-linker-build-id --libexecdir=/usr/lib --without-included-gettext --enable-threads=posix --with-gxx-include-dir=/usr/include/c++/4.9 --libdir=/usr/lib --enable-nls --with-sysroot=/ --enable-clocale=gnu --enable-libstdcxx-debug --enable-libstdcxx-time=yes --enable-gnu-unique-object --disable-libitm --disable-libquadmath --enable-plugin --with-system-zlib --disable-browser-plugin --enable-java-awt=gtk --enable-gtk-cairo --with-java-home=/usr/lib/jvm/java-1.5.0-gcj-4.9-armhf/jre --enable-java-home --with-jvm-root-dir=/usr/lib/jvm/java-1.5.0-gcj-4.9-armhf --with-jvm-jar-dir=/usr/lib/jvm-exports/java-1.5.0-gcj-4.9-armhf --with-arch-directory=arm --with-ecj-jar=/usr/share/java/eclipse-ecj.jar --enable-objc-gc --enable-multiarch --disable-sjlj-exceptions --with-arch=armv6 --with-fpu=vfp --with-float=hard --enable-checking=release --build=arm-linux-gnueabihf --host=arm-linux-gnueabihf --target=arm-linux-gnueabihf]
  ignore line: [Thread model: posix]
  ignore line: [gcc version 4.9.2 (Raspbian 4.9.2-10) ]
  ignore line: [COMPILER_PATH=/usr/lib/gcc/arm-linux-gnueabihf/4.9/:/usr/lib/gcc/arm-linux-gnueabihf/4.9/:/usr/lib/gcc/arm-linux-gnueabihf/:/usr/lib/gcc/arm-linux-gnueabihf/4.9/:/usr/lib/gcc/arm-linux-gnueabihf/]
  ignore line: [LIBRARY_PATH=/usr/lib/gcc/arm-linux-gnueabihf/4.9/:/usr/lib/gcc/arm-linux-gnueabihf/4.9/../../../arm-linux-gnueabihf/:/usr/lib/gcc/arm-linux-gnueabihf/4.9/../../../:/lib/arm-linux-gnueabihf/:/lib/:/usr/lib/arm-linux-gnueabihf/:/usr/lib/]
  ignore line: [COLLECT_GCC_OPTIONS='-v' '-o' 'cmTC_473f9' '-rdynamic' '-shared-libgcc' '-march=armv6' '-mfloat-abi=hard' '-mfpu=vfp' '-mtls-dialect=gnu']
  link line: [ /usr/lib/gcc/arm-linux-gnueabihf/4.9/collect2 -plugin /usr/lib/gcc/arm-linux-gnueabihf/4.9/liblto_plugin.so -plugin-opt=/usr/lib/gcc/arm-linux-gnueabihf/4.9/lto-wrapper -plugin-opt=-fresolution=/tmp/cchbWAaa.res -plugin-opt=-pass-through=-lgcc_s -plugin-opt=-pass-through=-lgcc -plugin-opt=-pass-through=-lc -plugin-opt=-pass-through=-lgcc_s -plugin-opt=-pass-through=-lgcc --sysroot=/ --build-id --eh-frame-hdr -export-dynamic -dynamic-linker /lib/ld-linux-armhf.so.3 -X --hash-style=gnu -m armelf_linux_eabi -o cmTC_473f9 /usr/lib/gcc/arm-linux-gnueabihf/4.9/../../../arm-linux-gnueabihf/crt1.o /usr/lib/gcc/arm-linux-gnueabihf/4.9/../../../arm-linux-gnueabihf/crti.o /usr/lib/gcc/arm-linux-gnueabihf/4.9/crtbegin.o -L/usr/lib/gcc/arm-linux-gnueabihf/4.9 -L/usr/lib/gcc/arm-linux-gnueabihf/4.9/../../../arm-linux-gnueabihf -L/usr/lib/gcc/arm-linux-gnueabihf/4.9/../../.. -L/lib/arm-linux-gnueabihf -L/usr/lib/arm-linux-gnueabihf CMakeFiles/cmTC_473f9.dir/CMakeCXXCompilerABI.cpp.o -lstdc++ -lm -lgcc_s -lgcc -lc -lgcc_s -lgcc /usr/lib/gcc/arm-linux-gnueabihf/4.9/crtend.o /usr/lib/gcc/arm-linux-gnueabihf/4.9/../../../arm-linux-gnueabihf/crtn.o]
    arg [/usr/lib/gcc/arm-linux-gnueabihf/4.9/collect2] ==> ignore
    arg [-plugin] ==> ignore
    arg [/usr/lib/gcc/arm-linux-gnueabihf/4.9/liblto_plugin.so] ==> ignore
    arg [-plugin-opt=/usr/lib/gcc/arm-linux-gnueabihf/4.9/lto-wrapper] ==> ignore
    arg [-plugin-opt=-fresolution=/tmp/cchbWAaa.res] ==> ignore
    arg [-plugin-opt=-pass-through=-lgcc_s] ==> ignore
    arg [-plugin-opt=-pass-through=-lgcc] ==> ignore
    arg [-plugin-opt=-pass-through=-lc] ==> ignore
    arg [-plugin-opt=-pass-through=-lgcc_s] ==> ignore
    arg [-plugin-opt=-pass-through=-lgcc] ==> ignore
    arg [--sysroot=/] ==> ignore
    arg [--build-id] ==> ignore
    arg [--eh-frame-hdr] ==> ignore
    arg [-export-dynamic] ==> ignore
    arg [-dynamic-linker] ==> ignore
    arg [/lib/ld-linux-armhf.so.3] ==> ignore
    arg [-X] ==> ignore
    arg [--hash-style=gnu] ==> ignore
    arg [-m] ==> ignore
    arg [armelf_linux_eabi] ==> ignore
    arg [-o] ==> ignore
    arg [cmTC_473f9] ==> ignore
    arg [/usr/lib/gcc/arm-linux-gnueabihf/4.9/../../../arm-linux-gnueabihf/crt1.o] ==> ignore
    arg [/usr/lib/gcc/arm-linux-gnueabihf/4.9/../../../arm-linux-gnueabihf/crti.o] ==> ignore
    arg [/usr/lib/gcc/arm-linux-gnueabihf/4.9/crtbegin.o] ==> ignore
    arg [-L/usr/lib/gcc/arm-linux-gnueabihf/4.9] ==> dir [/usr/lib/gcc/arm-linux-gnueabihf/4.9]
    arg [-L/usr/lib/gcc/arm-linux-gnueabihf/4.9/../../../arm-linux-gnueabihf] ==> dir [/usr/lib/gcc/arm-linux-gnueabihf/4.9/../../../arm-linux-gnueabihf]
    arg [-L/usr/lib/gcc/arm-linux-gnueabihf/4.9/../../..] ==> dir [/usr/lib/gcc/arm-linux-gnueabihf/4.9/../../..]
    arg [-L/lib/arm-linux-gnueabihf] ==> dir [/lib/arm-linux-gnueabihf]
    arg [-L/usr/lib/arm-linux-gnueabihf] ==> dir [/usr/lib/arm-linux-gnueabihf]
    arg [CMakeFiles/cmTC_473f9.dir/CMakeCXXCompilerABI.cpp.o] ==> ignore
    arg [-lstdc++] ==> lib [stdc++]
    arg [-lm] ==> lib [m]
    arg [-lgcc_s] ==> lib [gcc_s]
    arg [-lgcc] ==> lib [gcc]
    arg [-lc] ==> lib [c]
    arg [-lgcc_s] ==> lib [gcc_s]
    arg [-lgcc] ==> lib [gcc]
    arg [/usr/lib/gcc/arm-linux-gnueabihf/4.9/crtend.o] ==> ignore
    arg [/usr/lib/gcc/arm-linux-gnueabihf/4.9/../../../arm-linux-gnueabihf/crtn.o] ==> ignore
  remove lib [gcc_s]
  remove lib [gcc]
  remove lib [gcc_s]
  remove lib [gcc]
  collapse library dir [/usr/lib/gcc/arm-linux-gnueabihf/4.9] ==> [/usr/lib/gcc/arm-linux-gnueabihf/4.9]
  collapse library dir [/usr/lib/gcc/arm-linux-gnueabihf/4.9/../../../arm-linux-gnueabihf] ==> [/usr/lib/arm-linux-gnueabihf]
  collapse library dir [/usr/lib/gcc/arm-linux-gnueabihf/4.9/../../..] ==> [/usr/lib]
  collapse library dir [/lib/arm-linux-gnueabihf] ==> [/lib/arm-linux-gnueabihf]
  collapse library dir [/usr/lib/arm-linux-gnueabihf] ==> [/usr/lib/arm-linux-gnueabihf]
  implicit libs: [stdc++;m;c]
  implicit dirs: [/usr/lib/gcc/arm-linux-gnueabihf/4.9;/usr/lib/arm-linux-gnueabihf;/usr/lib;/lib/arm-linux-gnueabihf]
  implicit fwks: []




Detecting CXX [-std=c++14] compiler features compiled with the following output:
Change Dir: /home/pi/QT/MF/src/eigen3/eigen/build/CMakeFiles/CMakeTmp

Run Build Command:"/usr/bin/make" "cmTC_370ea/fast"
/usr/bin/make -f CMakeFiles/cmTC_370ea.dir/build.make CMakeFiles/cmTC_370ea.dir/build
make[1]: Entering directory '/home/pi/QT/MF/src/eigen3/eigen/build/CMakeFiles/CMakeTmp'
Building CXX object CMakeFiles/cmTC_370ea.dir/feature_tests.cxx.o
/usr/bin/c++     -std=c++14 -o CMakeFiles/cmTC_370ea.dir/feature_tests.cxx.o -c /home/pi/QT/MF/src/eigen3/eigen/build/CMakeFiles/feature_tests.cxx
Linking CXX executable cmTC_370ea
/usr/bin/cmake -E cmake_link_script CMakeFiles/cmTC_370ea.dir/link.txt --verbose=1
/usr/bin/c++        CMakeFiles/cmTC_370ea.dir/feature_tests.cxx.o  -o cmTC_370ea -rdynamic 
make[1]: Leaving directory '/home/pi/QT/MF/src/eigen3/eigen/build/CMakeFiles/CMakeTmp'


    Feature record: CXX_FEATURE:0cxx_aggregate_default_initializers
    Feature record: CXX_FEATURE:1cxx_alias_templates
    Feature record: CXX_FEATURE:1cxx_alignas
    Feature record: CXX_FEATURE:1cxx_alignof
    Feature record: CXX_FEATURE:1cxx_attributes
    Feature record: CXX_FEATURE:1cxx_attribute_deprecated
    Feature record: CXX_FEATURE:1cxx_auto_type
    Feature record: CXX_FEATURE:1cxx_binary_literals
    Feature record: CXX_FEATURE:1cxx_constexpr
    Feature record: CXX_FEATURE:1cxx_contextual_conversions
    Feature record: CXX_FEATURE:1cxx_decltype
    Feature record: CXX_FEATURE:1cxx_decltype_auto
    Feature record: CXX_FEATURE:1cxx_decltype_incomplete_return_types
    Feature record: CXX_FEATURE:1cxx_default_function_template_args
    Feature record: CXX_FEATURE:1cxx_defaulted_functions
    Feature record: CXX_FEATURE:1cxx_defaulted_move_initializers
    Feature record: CXX_FEATURE:1cxx_delegating_constructors
    Feature record: CXX_FEATURE:1cxx_deleted_functions
    Feature record: CXX_FEATURE:1cxx_digit_separators
    Feature record: CXX_FEATURE:1cxx_enum_forward_declarations
    Feature record: CXX_FEATURE:1cxx_explicit_conversions
    Feature record: CXX_FEATURE:1cxx_extended_friend_declarations
    Feature record: CXX_FEATURE:1cxx_extern_templates
    Feature record: CXX_FEATURE:1cxx_final
    Feature record: CXX_FEATURE:1cxx_func_identifier
    Feature record: CXX_FEATURE:1cxx_generalized_initializers
    Feature record: CXX_FEATURE:1cxx_generic_lambdas
    Feature record: CXX_FEATURE:1cxx_inheriting_constructors
    Feature record: CXX_FEATURE:1cxx_inline_namespaces
    Feature record: CXX_FEATURE:1cxx_lambdas
    Feature record: CXX_FEATURE:1cxx_lambda_init_captures
    Feature record: CXX_FEATURE:1cxx_local_type_template_args
    Feature record: CXX_FEATURE:1cxx_long_long_type
    Feature record: CXX_FEATURE:1cxx_noexcept
    Feature record: CXX_FEATURE:1cxx_nonstatic_member_init
    Feature record: CXX_FEATURE:1cxx_nullptr
    Feature record: CXX_FEATURE:1cxx_override
    Feature record: CXX_FEATURE:1cxx_range_for
    Feature record: CXX_FEATURE:1cxx_raw_string_literals
    Feature record: CXX_FEATURE:1cxx_reference_qualified_functions
    Feature record: CXX_FEATURE:0cxx_relaxed_constexpr
    Feature record: CXX_FEATURE:1cxx_return_type_deduction
    Feature record: CXX_FEATURE:1cxx_right_angle_brackets
    Feature record: CXX_FEATURE:1cxx_rvalue_references
    Feature record: CXX_FEATURE:1cxx_sizeof_member
    Feature record: CXX_FEATURE:1cxx_static_assert
    Feature record: CXX_FEATURE:1cxx_strong_enums
    Feature record: CXX_FEATURE:1cxx_template_template_parameters
    Feature record: CXX_FEATURE:1cxx_thread_local
    Feature record: CXX_FEATURE:1cxx_trailing_return_types
    Feature record: CXX_FEATURE:1cxx_unicode_literals
    Feature record: CXX_FEATURE:1cxx_uniform_initialization
    Feature record: CXX_FEATURE:1cxx_unrestricted_unions
    Feature record: CXX_FEATURE:1cxx_user_literals
    Feature record: CXX_FEATURE:0cxx_variable_templates
    Feature record: CXX_FEATURE:1cxx_variadic_macros
    Feature record: CXX_FEATURE:1cxx_variadic_templates


Detecting CXX [-std=c++11] compiler features compiled with the following output:
Change Dir: /home/pi/QT/MF/src/eigen3/eigen/build/CMakeFiles/CMakeTmp

Run Build Command:"/usr/bin/make" "cmTC_a9e84/fast"
/usr/bin/make -f CMakeFiles/cmTC_a9e84.dir/build.make CMakeFiles/cmTC_a9e84.dir/build
make[1]: Entering directory '/home/pi/QT/MF/src/eigen3/eigen/build/CMakeFiles/CMakeTmp'
Building CXX object CMakeFiles/cmTC_a9e84.dir/feature_tests.cxx.o
/usr/bin/c++     -std=c++11 -o CMakeFiles/cmTC_a9e84.dir/feature_tests.cxx.o -c /home/pi/QT/MF/src/eigen3/eigen/build/CMakeFiles/feature_tests.cxx
Linking CXX executable cmTC_a9e84
/usr/bin/cmake -E cmake_link_script CMakeFiles/cmTC_a9e84.dir/link.txt --verbose=1
/usr/bin/c++        CMakeFiles/cmTC_a9e84.dir/feature_tests.cxx.o  -o cmTC_a9e84 -rdynamic 
make[1]: Leaving directory '/home/pi/QT/MF/src/eigen3/eigen/build/CMakeFiles/CMakeTmp'


    Feature record: CXX_FEATURE:0cxx_aggregate_default_initializers
    Feature record: CXX_FEATURE:1cxx_alias_templates
    Feature record: CXX_FEATURE:1cxx_alignas
    Feature record: CXX_FEATURE:1cxx_alignof
    Feature record: CXX_FEATURE:1cxx_attributes
    Feature record: CXX_FEATURE:0cxx_attribute_deprecated
    Feature record: CXX_FEATURE:1cxx_auto_type
    Feature record: CXX_FEATURE:0cxx_binary_literals
    Feature record: CXX_FEATURE:1cxx_constexpr
    Feature record: CXX_FEATURE:0cxx_contextual_conversions
    Feature record: CXX_FEATURE:1cxx_decltype
    Feature record: CXX_FEATURE:0cxx_decltype_auto
    Feature record: CXX_FEATURE:1cxx_decltype_incomplete_return_types
    Feature record: CXX_FEATURE:1cxx_default_function_template_args
    Feature record: CXX_FEATURE:1cxx_defaulted_functions
    Feature record: CXX_FEATURE:1cxx_defaulted_move_initializers
    Feature record: CXX_FEATURE:1cxx_delegating_constructors
    Feature record: CXX_FEATURE:1cxx_deleted_functions
    Feature record: CXX_FEATURE:0cxx_digit_separators
    Feature record: CXX_FEATURE:1cxx_enum_forward_declarations
    Feature record: CXX_FEATURE:1cxx_explicit_conversions
    Feature record: CXX_FEATURE:1cxx_extended_friend_declarations
    Feature record: CXX_FEATURE:1cxx_extern_templates
    Feature record: CXX_FEATURE:1cxx_final
    Feature record: CXX_FEATURE:1cxx_func_identifier
    Feature record: CXX_FEATURE:1cxx_generalized_initializers
    Feature record: CXX_FEATURE:0cxx_generic_lambdas
    Feature record: CXX_FEATURE:1cxx_inheriting_constructors
    Feature record: CXX_FEATURE:1cxx_inline_namespaces
    Feature record: CXX_FEATURE:1cxx_lambdas
    Feature record: CXX_FEATURE:0cxx_lambda_init_captures
    Feature record: CXX_FEATURE:1cxx_local_type_template_args
    Feature record: CXX_FEATURE:1cxx_long_long_type
    Feature record: CXX_FEATURE:1cxx_noexcept
    Feature record: CXX_FEATURE:1cxx_nonstatic_member_init
    Feature record: CXX_FEATURE:1cxx_nullptr
    Feature record: CXX_FEATURE:1cxx_override
    Feature record: CXX_FEATURE:1cxx_range_for
    Feature record: CXX_FEATURE:1cxx_raw_string_literals
    Feature record: CXX_FEATURE:1cxx_reference_qualified_functions
    Feature record: CXX_FEATURE:0cxx_relaxed_constexpr
    Feature record: CXX_FEATURE:0cxx_return_type_deduction
    Feature record: CXX_FEATURE:1cxx_right_angle_brackets
    Feature record: CXX_FEATURE:1cxx_rvalue_references
    Feature record: CXX_FEATURE:1cxx_sizeof_member
    Feature record: CXX_FEATURE:1cxx_static_assert
    Feature record: CXX_FEATURE:1cxx_strong_enums
    Feature record: CXX_FEATURE:1cxx_template_template_parameters
    Feature record: CXX_FEATURE:1cxx_thread_local
    Feature record: CXX_FEATURE:1cxx_trailing_return_types
    Feature record: CXX_FEATURE:1cxx_unicode_literals
    Feature record: CXX_FEATURE:1cxx_uniform_initialization
    Feature record: CXX_FEATURE:1cxx_unrestricted_unions
    Feature record: CXX_FEATURE:1cxx_user_literals
    Feature record: CXX_FEATURE:0cxx_variable_templates
    Feature record: CXX_FEATURE:1cxx_variadic_macros
    Feature record: CXX_FEATURE:1cxx_variadic_templates


Detecting CXX [-std=c++98] compiler features compiled with the following output:
Change Dir: /home/pi/QT/MF/src/eigen3/eigen/build/CMakeFiles/CMakeTmp

Run Build Command:"/usr/bin/make" "cmTC_83026/fast"
/usr/bin/make -f CMakeFiles/cmTC_83026.dir/build.make CMakeFiles/cmTC_83026.dir/build
make[1]: Entering directory '/home/pi/QT/MF/src/eigen3/eigen/build/CMakeFiles/CMakeTmp'
Building CXX object CMakeFiles/cmTC_83026.dir/feature_tests.cxx.o
/usr/bin/c++     -std=c++98 -o CMakeFiles/cmTC_83026.dir/feature_tests.cxx.o -c /home/pi/QT/MF/src/eigen3/eigen/build/CMakeFiles/feature_tests.cxx
Linking CXX executable cmTC_83026
/usr/bin/cmake -E cmake_link_script CMakeFiles/cmTC_83026.dir/link.txt --verbose=1
/usr/bin/c++        CMakeFiles/cmTC_83026.dir/feature_tests.cxx.o  -o cmTC_83026 -rdynamic 
make[1]: Leaving directory '/home/pi/QT/MF/src/eigen3/eigen/build/CMakeFiles/CMakeTmp'


    Feature record: CXX_FEATURE:0cxx_aggregate_default_initializers
    Feature record: CXX_FEATURE:0cxx_alias_templates
    Feature record: CXX_FEATURE:0cxx_alignas
    Feature record: CXX_FEATURE:0cxx_alignof
    Feature record: CXX_FEATURE:0cxx_attributes
    Feature record: CXX_FEATURE:0cxx_attribute_deprecated
    Feature record: CXX_FEATURE:0cxx_auto_type
    Feature record: CXX_FEATURE:0cxx_binary_literals
    Feature record: CXX_FEATURE:0cxx_constexpr
    Feature record: CXX_FEATURE:0cxx_contextual_conversions
    Feature record: CXX_FEATURE:0cxx_decltype
    Feature record: CXX_FEATURE:0cxx_decltype_auto
    Feature record: CXX_FEATURE:0cxx_decltype_incomplete_return_types
    Feature record: CXX_FEATURE:0cxx_default_function_template_args
    Feature record: CXX_FEATURE:0cxx_defaulted_functions
    Feature record: CXX_FEATURE:0cxx_defaulted_move_initializers
    Feature record: CXX_FEATURE:0cxx_delegating_constructors
    Feature record: CXX_FEATURE:0cxx_deleted_functions
    Feature record: CXX_FEATURE:0cxx_digit_separators
    Feature record: CXX_FEATURE:0cxx_enum_forward_declarations
    Feature record: CXX_FEATURE:0cxx_explicit_conversions
    Feature record: CXX_FEATURE:0cxx_extended_friend_declarations
    Feature record: CXX_FEATURE:0cxx_extern_templates
    Feature record: CXX_FEATURE:0cxx_final
    Feature record: CXX_FEATURE:0cxx_func_identifier
    Feature record: CXX_FEATURE:0cxx_generalized_initializers
    Feature record: CXX_FEATURE:0cxx_generic_lambdas
    Feature record: CXX_FEATURE:0cxx_inheriting_constructors
    Feature record: CXX_FEATURE:0cxx_inline_namespaces
    Feature record: CXX_FEATURE:0cxx_lambdas
    Feature record: CXX_FEATURE:0cxx_lambda_init_captures
    Feature record: CXX_FEATURE:0cxx_local_type_template_args
    Feature record: CXX_FEATURE:0cxx_long_long_type
    Feature record: CXX_FEATURE:0cxx_noexcept
    Feature record: CXX_FEATURE:0cxx_nonstatic_member_init
    Feature record: CXX_FEATURE:0cxx_nullptr
    Feature record: CXX_FEATURE:0cxx_override
    Feature record: CXX_FEATURE:0cxx_range_for
    Feature record: CXX_FEATURE:0cxx_raw_string_literals
    Feature record: CXX_FEATURE:0cxx_reference_qualified_functions
    Feature record: CXX_FEATURE:0cxx_relaxed_constexpr
    Feature record: CXX_FEATURE:0cxx_return_type_deduction
    Feature record: CXX_FEATURE:0cxx_right_angle_brackets
    Feature record: CXX_FEATURE:0cxx_rvalue_references
    Feature record: CXX_FEATURE:0cxx_sizeof_member
    Feature record: CXX_FEATURE:0cxx_static_assert
    Feature record: CXX_FEATURE:0cxx_strong_enums
    Feature record: CXX_FEATURE:1cxx_template_template_parameters
    Feature record: CXX_FEATURE:0cxx_thread_local
    Feature record: CXX_FEATURE:0cxx_trailing_return_types
    Feature record: CXX_FEATURE:0cxx_unicode_literals
    Feature record: CXX_FEATURE:0cxx_uniform_initialization
    Feature record: CXX_FEATURE:0cxx_unrestricted_unions
    Feature record: CXX_FEATURE:0cxx_user_literals
    Feature record: CXX_FEATURE:0cxx_variable_templates
    Feature record: CXX_FEATURE:0cxx_variadic_macros
    Feature record: CXX_FEATURE:0cxx_variadic_templates
Performing C++ SOURCE FILE Test standard_math_library_linked_to_automatically succeeded with the following output:
Change Dir: /home/pi/QT/MF/src/eigen3/eigen/build/CMakeFiles/CMakeTmp

Run Build Command:"/usr/bin/make" "cmTC_a5353/fast"
/usr/bin/make -f CMakeFiles/cmTC_a5353.dir/build.make CMakeFiles/cmTC_a5353.dir/build
make[1]: Entering directory '/home/pi/QT/MF/src/eigen3/eigen/build/CMakeFiles/CMakeTmp'
Building CXX object CMakeFiles/cmTC_a5353.dir/src.cxx.o
/usr/bin/c++     -Dstandard_math_library_linked_to_automatically   -o CMakeFiles/cmTC_a5353.dir/src.cxx.o -c /home/pi/QT/MF/src/eigen3/eigen/build/CMakeFiles/CMakeTmp/src.cxx
Linking CXX executable cmTC_a5353
/usr/bin/cmake -E cmake_link_script CMakeFiles/cmTC_a5353.dir/link.txt --verbose=1
/usr/bin/c++    -Dstandard_math_library_linked_to_automatically    CMakeFiles/cmTC_a5353.dir/src.cxx.o  -o cmTC_a5353 -rdynamic 
make[1]: Leaving directory '/home/pi/QT/MF/src/eigen3/eigen/build/CMakeFiles/CMakeTmp'

Source file was:
#include<cmath>
int main() { std::sin(0.0); std::log(0.0f); }
Performing C++ SOURCE FILE Test COMPILER_SUPPORT_WERROR succeeded with the following output:
Change Dir: /home/pi/QT/MF/src/eigen3/eigen/build/CMakeFiles/CMakeTmp

Run Build Command:"/usr/bin/make" "cmTC_c4872/fast"
/usr/bin/make -f CMakeFiles/cmTC_c4872.dir/build.make CMakeFiles/cmTC_c4872.dir/build
make[1]: Entering directory '/home/pi/QT/MF/src/eigen3/eigen/build/CMakeFiles/CMakeTmp'
Building CXX object CMakeFiles/cmTC_c4872.dir/src.cxx.o
/usr/bin/c++     -DCOMPILER_SUPPORT_WERROR   -Werror -o CMakeFiles/cmTC_c4872.dir/src.cxx.o -c /home/pi/QT/MF/src/eigen3/eigen/build/CMakeFiles/CMakeTmp/src.cxx
Linking CXX executable cmTC_c4872
/usr/bin/cmake -E cmake_link_script CMakeFiles/cmTC_c4872.dir/link.txt --verbose=1
/usr/bin/c++    -DCOMPILER_SUPPORT_WERROR    CMakeFiles/cmTC_c4872.dir/src.cxx.o  -o cmTC_c4872 -rdynamic 
make[1]: Leaving directory '/home/pi/QT/MF/src/eigen3/eigen/build/CMakeFiles/CMakeTmp'

Source file was:
int main() { return 0; }
Performing C++ SOURCE FILE Test COMPILER_SUPPORT_pedantic succeeded with the following output:
Change Dir: /home/pi/QT/MF/src/eigen3/eigen/build/CMakeFiles/CMakeTmp

Run Build Command:"/usr/bin/make" "cmTC_c97a8/fast"
/usr/bin/make -f CMakeFiles/cmTC_c97a8.dir/build.make CMakeFiles/cmTC_c97a8.dir/build
make[1]: Entering directory '/home/pi/QT/MF/src/eigen3/eigen/build/CMakeFiles/CMakeTmp'
Building CXX object CMakeFiles/cmTC_c97a8.dir/src.cxx.o
/usr/bin/c++     -DCOMPILER_SUPPORT_pedantic -Werror   -pedantic -o CMakeFiles/cmTC_c97a8.dir/src.cxx.o -c /home/pi/QT/MF/src/eigen3/eigen/build/CMakeFiles/CMakeTmp/src.cxx
Linking CXX executable cmTC_c97a8
/usr/bin/cmake -E cmake_link_script CMakeFiles/cmTC_c97a8.dir/link.txt --verbose=1
/usr/bin/c++    -DCOMPILER_SUPPORT_pedantic -Werror    CMakeFiles/cmTC_c97a8.dir/src.cxx.o  -o cmTC_c97a8 -rdynamic 
make[1]: Leaving directory '/home/pi/QT/MF/src/eigen3/eigen/build/CMakeFiles/CMakeTmp'

Source file was:
int main() { return 0; }
Performing C++ SOURCE FILE Test COMPILER_SUPPORT_Wall succeeded with the following output:
Change Dir: /home/pi/QT/MF/src/eigen3/eigen/build/CMakeFiles/CMakeTmp

Run Build Command:"/usr/bin/make" "cmTC_37f01/fast"
/usr/bin/make -f CMakeFiles/cmTC_37f01.dir/build.make CMakeFiles/cmTC_37f01.dir/build
make[1]: Entering directory '/home/pi/QT/MF/src/eigen3/eigen/build/CMakeFiles/CMakeTmp'
Building CXX object CMakeFiles/cmTC_37f01.dir/src.cxx.o
/usr/bin/c++     -pedantic -DCOMPILER_SUPPORT_Wall -Werror   -Wall -o CMakeFiles/cmTC_37f01.dir/src.cxx.o -c /home/pi/QT/MF/src/eigen3/eigen/build/CMakeFiles/CMakeTmp/src.cxx
Linking CXX executable cmTC_37f01
/usr/bin/cmake -E cmake_link_script CMakeFiles/cmTC_37f01.dir/link.txt --verbose=1
/usr/bin/c++    -pedantic -DCOMPILER_SUPPORT_Wall -Werror    CMakeFiles/cmTC_37f01.dir/src.cxx.o  -o cmTC_37f01 -rdynamic 
make[1]: Leaving directory '/home/pi/QT/MF/src/eigen3/eigen/build/CMakeFiles/CMakeTmp'

Source file was:
int main() { return 0; }
Performing C++ SOURCE FILE Test COMPILER_SUPPORT_Wextra succeeded with the following output:
Change Dir: /home/pi/QT/MF/src/eigen3/eigen/build/CMakeFiles/CMakeTmp

Run Build Command:"/usr/bin/make" "cmTC_7ed5e/fast"
/usr/bin/make -f CMakeFiles/cmTC_7ed5e.dir/build.make CMakeFiles/cmTC_7ed5e.dir/build
make[1]: Entering directory '/home/pi/QT/MF/src/eigen3/eigen/build/CMakeFiles/CMakeTmp'
Building CXX object CMakeFiles/cmTC_7ed5e.dir/src.cxx.o
/usr/bin/c++     -pedantic -Wall -DCOMPILER_SUPPORT_Wextra -Werror   -Wextra -o CMakeFiles/cmTC_7ed5e.dir/src.cxx.o -c /home/pi/QT/MF/src/eigen3/eigen/build/CMakeFiles/CMakeTmp/src.cxx
Linking CXX executable cmTC_7ed5e
/usr/bin/cmake -E cmake_link_script CMakeFiles/cmTC_7ed5e.dir/link.txt --verbose=1
/usr/bin/c++    -pedantic -Wall -DCOMPILER_SUPPORT_Wextra -Werror    CMakeFiles/cmTC_7ed5e.dir/src.cxx.o  -o cmTC_7ed5e -rdynamic 
make[1]: Leaving directory '/home/pi/QT/MF/src/eigen3/eigen/build/CMakeFiles/CMakeTmp'

Source file was:
int main() { return 0; }
Performing C++ SOURCE FILE Test COMPILER_SUPPORT_Wundef succeeded with the following output:
Change Dir: /home/pi/QT/MF/src/eigen3/eigen/build/CMakeFiles/CMakeTmp

Run Build Command:"/usr/bin/make" "cmTC_79db3/fast"
/usr/bin/make -f CMakeFiles/cmTC_79db3.dir/build.make CMakeFiles/cmTC_79db3.dir/build
make[1]: Entering directory '/home/pi/QT/MF/src/eigen3/eigen/build/CMakeFiles/CMakeTmp'
Building CXX object CMakeFiles/cmTC_79db3.dir/src.cxx.o
/usr/bin/c++     -pedantic -Wall -Wextra -DCOMPILER_SUPPORT_Wundef -Werror   -Wundef -o CMakeFiles/cmTC_79db3.dir/src.cxx.o -c /home/pi/QT/MF/src/eigen3/eigen/build/CMakeFiles/CMakeTmp/src.cxx
Linking CXX executable cmTC_79db3
/usr/bin/cmake -E cmake_link_script CMakeFiles/cmTC_79db3.dir/link.txt --verbose=1
/usr/bin/c++    -pedantic -Wall -Wextra -DCOMPILER_SUPPORT_Wundef -Werror    CMakeFiles/cmTC_79db3.dir/src.cxx.o  -o cmTC_79db3 -rdynamic 
make[1]: Leaving directory '/home/pi/QT/MF/src/eigen3/eigen/build/CMakeFiles/CMakeTmp'

Source file was:
int main() { return 0; }
Performing C++ SOURCE FILE Test COMPILER_SUPPORT_Wcastalign succeeded with the following output:
Change Dir: /home/pi/QT/MF/src/eigen3/eigen/build/CMakeFiles/CMakeTmp

Run Build Command:"/usr/bin/make" "cmTC_228eb/fast"
/usr/bin/make -f CMakeFiles/cmTC_228eb.dir/build.make CMakeFiles/cmTC_228eb.dir/build
make[1]: Entering directory '/home/pi/QT/MF/src/eigen3/eigen/build/CMakeFiles/CMakeTmp'
Building CXX object CMakeFiles/cmTC_228eb.dir/src.cxx.o
/usr/bin/c++     -pedantic -Wall -Wextra -Wundef -DCOMPILER_SUPPORT_Wcastalign -Werror   -Wcast-align -o CMakeFiles/cmTC_228eb.dir/src.cxx.o -c /home/pi/QT/MF/src/eigen3/eigen/build/CMakeFiles/CMakeTmp/src.cxx
Linking CXX executable cmTC_228eb
/usr/bin/cmake -E cmake_link_script CMakeFiles/cmTC_228eb.dir/link.txt --verbose=1
/usr/bin/c++    -pedantic -Wall -Wextra -Wundef -DCOMPILER_SUPPORT_Wcastalign -Werror    CMakeFiles/cmTC_228eb.dir/src.cxx.o  -o cmTC_228eb -rdynamic 
make[1]: Leaving directory '/home/pi/QT/MF/src/eigen3/eigen/build/CMakeFiles/CMakeTmp'

Source file was:
int main() { return 0; }
Performing C++ SOURCE FILE Test COMPILER_SUPPORT_Wcharsubscripts succeeded with the following output:
Change Dir: /home/pi/QT/MF/src/eigen3/eigen/build/CMakeFiles/CMakeTmp

Run Build Command:"/usr/bin/make" "cmTC_0c428/fast"
/usr/bin/make -f CMakeFiles/cmTC_0c428.dir/build.make CMakeFiles/cmTC_0c428.dir/build
make[1]: Entering directory '/home/pi/QT/MF/src/eigen3/eigen/build/CMakeFiles/CMakeTmp'
Building CXX object CMakeFiles/cmTC_0c428.dir/src.cxx.o
/usr/bin/c++     -pedantic -Wall -Wextra -Wundef -Wcast-align -DCOMPILER_SUPPORT_Wcharsubscripts -Werror   -Wchar-subscripts -o CMakeFiles/cmTC_0c428.dir/src.cxx.o -c /home/pi/QT/MF/src/eigen3/eigen/build/CMakeFiles/CMakeTmp/src.cxx
Linking CXX executable cmTC_0c428
/usr/bin/cmake -E cmake_link_script CMakeFiles/cmTC_0c428.dir/link.txt --verbose=1
/usr/bin/c++    -pedantic -Wall -Wextra -Wundef -Wcast-align -DCOMPILER_SUPPORT_Wcharsubscripts -Werror    CMakeFiles/cmTC_0c428.dir/src.cxx.o  -o cmTC_0c428 -rdynamic 
make[1]: Leaving directory '/home/pi/QT/MF/src/eigen3/eigen/build/CMakeFiles/CMakeTmp'

Source file was:
int main() { return 0; }
Performing C++ SOURCE FILE Test COMPILER_SUPPORT_Wnonvirtualdtor succeeded with the following output:
Change Dir: /home/pi/QT/MF/src/eigen3/eigen/build/CMakeFiles/CMakeTmp

Run Build Command:"/usr/bin/make" "cmTC_eea62/fast"
/usr/bin/make -f CMakeFiles/cmTC_eea62.dir/build.make CMakeFiles/cmTC_eea62.dir/build
make[1]: Entering directory '/home/pi/QT/MF/src/eigen3/eigen/build/CMakeFiles/CMakeTmp'
Building CXX object CMakeFiles/cmTC_eea62.dir/src.cxx.o
/usr/bin/c++     -pedantic -Wall -Wextra -Wundef -Wcast-align -Wchar-subscripts -DCOMPILER_SUPPORT_Wnonvirtualdtor -Werror   -Wnon-virtual-dtor -o CMakeFiles/cmTC_eea62.dir/src.cxx.o -c /home/pi/QT/MF/src/eigen3/eigen/build/CMakeFiles/CMakeTmp/src.cxx
Linking CXX executable cmTC_eea62
/usr/bin/cmake -E cmake_link_script CMakeFiles/cmTC_eea62.dir/link.txt --verbose=1
/usr/bin/c++    -pedantic -Wall -Wextra -Wundef -Wcast-align -Wchar-subscripts -DCOMPILER_SUPPORT_Wnonvirtualdtor -Werror    CMakeFiles/cmTC_eea62.dir/src.cxx.o  -o cmTC_eea62 -rdynamic 
make[1]: Leaving directory '/home/pi/QT/MF/src/eigen3/eigen/build/CMakeFiles/CMakeTmp'

Source file was:
int main() { return 0; }
Performing C++ SOURCE FILE Test COMPILER_SUPPORT_Wunusedlocaltypedefs succeeded with the following output:
Change Dir: /home/pi/QT/MF/src/eigen3/eigen/build/CMakeFiles/CMakeTmp

Run Build Command:"/usr/bin/make" "cmTC_55e19/fast"
/usr/bin/make -f CMakeFiles/cmTC_55e19.dir/build.make CMakeFiles/cmTC_55e19.dir/build
make[1]: Entering directory '/home/pi/QT/MF/src/eigen3/eigen/build/CMakeFiles/CMakeTmp'
Building CXX object CMakeFiles/cmTC_55e19.dir/src.cxx.o
/usr/bin/c++     -pedantic -Wall -Wextra -Wundef -Wcast-align -Wchar-subscripts -Wnon-virtual-dtor -DCOMPILER_SUPPORT_Wunusedlocaltypedefs -Werror   -Wunused-local-typedefs -o CMakeFiles/cmTC_55e19.dir/src.cxx.o -c /home/pi/QT/MF/src/eigen3/eigen/build/CMakeFiles/CMakeTmp/src.cxx
Linking CXX executable cmTC_55e19
/usr/bin/cmake -E cmake_link_script CMakeFiles/cmTC_55e19.dir/link.txt --verbose=1
/usr/bin/c++    -pedantic -Wall -Wextra -Wundef -Wcast-align -Wchar-subscripts -Wnon-virtual-dtor -DCOMPILER_SUPPORT_Wunusedlocaltypedefs -Werror    CMakeFiles/cmTC_55e19.dir/src.cxx.o  -o cmTC_55e19 -rdynamic 
make[1]: Leaving directory '/home/pi/QT/MF/src/eigen3/eigen/build/CMakeFiles/CMakeTmp'

Source file was:
int main() { return 0; }
Performing C++ SOURCE FILE Test COMPILER_SUPPORT_Wpointerarith succeeded with the following output:
Change Dir: /home/pi/QT/MF/src/eigen3/eigen/build/CMakeFiles/CMakeTmp

Run Build Command:"/usr/bin/make" "cmTC_36ad7/fast"
/usr/bin/make -f CMakeFiles/cmTC_36ad7.dir/build.make CMakeFiles/cmTC_36ad7.dir/build
make[1]: Entering directory '/home/pi/QT/MF/src/eigen3/eigen/build/CMakeFiles/CMakeTmp'
Building CXX object CMakeFiles/cmTC_36ad7.dir/src.cxx.o
/usr/bin/c++     -pedantic -Wall -Wextra -Wundef -Wcast-align -Wchar-subscripts -Wnon-virtual-dtor -Wunused-local-typedefs -DCOMPILER_SUPPORT_Wpointerarith -Werror   -Wpointer-arith -o CMakeFiles/cmTC_36ad7.dir/src.cxx.o -c /home/pi/QT/MF/src/eigen3/eigen/build/CMakeFiles/CMakeTmp/src.cxx
Linking CXX executable cmTC_36ad7
/usr/bin/cmake -E cmake_link_script CMakeFiles/cmTC_36ad7.dir/link.txt --verbose=1
/usr/bin/c++    -pedantic -Wall -Wextra -Wundef -Wcast-align -Wchar-subscripts -Wnon-virtual-dtor -Wunused-local-typedefs -DCOMPILER_SUPPORT_Wpointerarith -Werror    CMakeFiles/cmTC_36ad7.dir/src.cxx.o  -o cmTC_36ad7 -rdynamic 
make[1]: Leaving directory '/home/pi/QT/MF/src/eigen3/eigen/build/CMakeFiles/CMakeTmp'

Source file was:
int main() { return 0; }
Performing C++ SOURCE FILE Test COMPILER_SUPPORT_Wwritestrings succeeded with the following output:
Change Dir: /home/pi/QT/MF/src/eigen3/eigen/build/CMakeFiles/CMakeTmp

Run Build Command:"/usr/bin/make" "cmTC_3a391/fast"
/usr/bin/make -f CMakeFiles/cmTC_3a391.dir/build.make CMakeFiles/cmTC_3a391.dir/build
make[1]: Entering directory '/home/pi/QT/MF/src/eigen3/eigen/build/CMakeFiles/CMakeTmp'
Building CXX object CMakeFiles/cmTC_3a391.dir/src.cxx.o
/usr/bin/c++     -pedantic -Wall -Wextra -Wundef -Wcast-align -Wchar-subscripts -Wnon-virtual-dtor -Wunused-local-typedefs -Wpointer-arith -DCOMPILER_SUPPORT_Wwritestrings -Werror   -Wwrite-strings -o CMakeFiles/cmTC_3a391.dir/src.cxx.o -c /home/pi/QT/MF/src/eigen3/eigen/build/CMakeFiles/CMakeTmp/src.cxx
Linking CXX executable cmTC_3a391
/usr/bin/cmake -E cmake_link_script CMakeFiles/cmTC_3a391.dir/link.txt --verbose=1
/usr/bin/c++    -pedantic -Wall -Wextra -Wundef -Wcast-align -Wchar-subscripts -Wnon-virtual-dtor -Wunused-local-typedefs -Wpointer-arith -DCOMPILER_SUPPORT_Wwritestrings -Werror    CMakeFiles/cmTC_3a391.dir/src.cxx.o  -o cmTC_3a391 -rdynamic 
make[1]: Leaving directory '/home/pi/QT/MF/src/eigen3/eigen/build/CMakeFiles/CMakeTmp'

Source file was:
int main() { return 0; }
Performing C++ SOURCE FILE Test COMPILER_SUPPORT_Wformatsecurity succeeded with the following output:
Change Dir: /home/pi/QT/MF/src/eigen3/eigen/build/CMakeFiles/CMakeTmp

Run Build Command:"/usr/bin/make" "cmTC_a9f48/fast"
/usr/bin/make -f CMakeFiles/cmTC_a9f48.dir/build.make CMakeFiles/cmTC_a9f48.dir/build
make[1]: Entering directory '/home/pi/QT/MF/src/eigen3/eigen/build/CMakeFiles/CMakeTmp'
Building CXX object CMakeFiles/cmTC_a9f48.dir/src.cxx.o
/usr/bin/c++     -pedantic -Wall -Wextra -Wundef -Wcast-align -Wchar-subscripts -Wnon-virtual-dtor -Wunused-local-typedefs -Wpointer-arith -Wwrite-strings -DCOMPILER_SUPPORT_Wformatsecurity -Werror   -Wformat-security -o CMakeFiles/cmTC_a9f48.dir/src.cxx.o -c /home/pi/QT/MF/src/eigen3/eigen/build/CMakeFiles/CMakeTmp/src.cxx
Linking CXX executable cmTC_a9f48
/usr/bin/cmake -E cmake_link_script CMakeFiles/cmTC_a9f48.dir/link.txt --verbose=1
/usr/bin/c++    -pedantic -Wall -Wextra -Wundef -Wcast-align -Wchar-subscripts -Wnon-virtual-dtor -Wunused-local-typedefs -Wpointer-arith -Wwrite-strings -DCOMPILER_SUPPORT_Wformatsecurity -Werror    CMakeFiles/cmTC_a9f48.dir/src.cxx.o  -o cmTC_a9f48 -rdynamic 
make[1]: Leaving directory '/home/pi/QT/MF/src/eigen3/eigen/build/CMakeFiles/CMakeTmp'

Source file was:
int main() { return 0; }
Performing C++ SOURCE FILE Test COMPILER_SUPPORT_Wlogicalop succeeded with the following output:
Change Dir: /home/pi/QT/MF/src/eigen3/eigen/build/CMakeFiles/CMakeTmp

Run Build Command:"/usr/bin/make" "cmTC_2d055/fast"
/usr/bin/make -f CMakeFiles/cmTC_2d055.dir/build.make CMakeFiles/cmTC_2d055.dir/build
make[1]: Entering directory '/home/pi/QT/MF/src/eigen3/eigen/build/CMakeFiles/CMakeTmp'
Building CXX object CMakeFiles/cmTC_2d055.dir/src.cxx.o
/usr/bin/c++     -pedantic -Wall -Wextra -Wundef -Wcast-align -Wchar-subscripts -Wnon-virtual-dtor -Wunused-local-typedefs -Wpointer-arith -Wwrite-strings -Wformat-security -DCOMPILER_SUPPORT_Wlogicalop -Werror   -Wlogical-op -o CMakeFiles/cmTC_2d055.dir/src.cxx.o -c /home/pi/QT/MF/src/eigen3/eigen/build/CMakeFiles/CMakeTmp/src.cxx
Linking CXX executable cmTC_2d055
/usr/bin/cmake -E cmake_link_script CMakeFiles/cmTC_2d055.dir/link.txt --verbose=1
/usr/bin/c++    -pedantic -Wall -Wextra -Wundef -Wcast-align -Wchar-subscripts -Wnon-virtual-dtor -Wunused-local-typedefs -Wpointer-arith -Wwrite-strings -Wformat-security -DCOMPILER_SUPPORT_Wlogicalop -Werror    CMakeFiles/cmTC_2d055.dir/src.cxx.o  -o cmTC_2d055 -rdynamic 
make[1]: Leaving directory '/home/pi/QT/MF/src/eigen3/eigen/build/CMakeFiles/CMakeTmp'

Source file was:
int main() { return 0; }
Performing C++ SOURCE FILE Test COMPILER_SUPPORT_Wdoublepromotion succeeded with the following output:
Change Dir: /home/pi/QT/MF/src/eigen3/eigen/build/CMakeFiles/CMakeTmp

Run Build Command:"/usr/bin/make" "cmTC_fa711/fast"
/usr/bin/make -f CMakeFiles/cmTC_fa711.dir/build.make CMakeFiles/cmTC_fa711.dir/build
make[1]: Entering directory '/home/pi/QT/MF/src/eigen3/eigen/build/CMakeFiles/CMakeTmp'
Building CXX object CMakeFiles/cmTC_fa711.dir/src.cxx.o
/usr/bin/c++     -pedantic -Wall -Wextra -Wundef -Wcast-align -Wchar-subscripts -Wnon-virtual-dtor -Wunused-local-typedefs -Wpointer-arith -Wwrite-strings -Wformat-security -Wlogical-op -DCOMPILER_SUPPORT_Wdoublepromotion -Werror   -Wdouble-promotion -o CMakeFiles/cmTC_fa711.dir/src.cxx.o -c /home/pi/QT/MF/src/eigen3/eigen/build/CMakeFiles/CMakeTmp/src.cxx
Linking CXX executable cmTC_fa711
/usr/bin/cmake -E cmake_link_script CMakeFiles/cmTC_fa711.dir/link.txt --verbose=1
/usr/bin/c++    -pedantic -Wall -Wextra -Wundef -Wcast-align -Wchar-subscripts -Wnon-virtual-dtor -Wunused-local-typedefs -Wpointer-arith -Wwrite-strings -Wformat-security -Wlogical-op -DCOMPILER_SUPPORT_Wdoublepromotion -Werror    CMakeFiles/cmTC_fa711.dir/src.cxx.o  -o cmTC_fa711 -rdynamic 
make[1]: Leaving directory '/home/pi/QT/MF/src/eigen3/eigen/build/CMakeFiles/CMakeTmp'

Source file was:
int main() { return 0; }
Performing C++ SOURCE FILE Test COMPILER_SUPPORT_Wnopsabi succeeded with the following output:
Change Dir: /home/pi/QT/MF/src/eigen3/eigen/build/CMakeFiles/CMakeTmp

Run Build Command:"/usr/bin/make" "cmTC_32c22/fast"
/usr/bin/make -f CMakeFiles/cmTC_32c22.dir/build.make CMakeFiles/cmTC_32c22.dir/build
make[1]: Entering directory '/home/pi/QT/MF/src/eigen3/eigen/build/CMakeFiles/CMakeTmp'
Building CXX object CMakeFiles/cmTC_32c22.dir/src.cxx.o
/usr/bin/c++     -pedantic -Wall -Wextra -Wundef -Wcast-align -Wchar-subscripts -Wnon-virtual-dtor -Wunused-local-typedefs -Wpointer-arith -Wwrite-strings -Wformat-security -Wlogical-op -Wdouble-promotion -DCOMPILER_SUPPORT_Wnopsabi -Werror   -Wno-psabi -o CMakeFiles/cmTC_32c22.dir/src.cxx.o -c /home/pi/QT/MF/src/eigen3/eigen/build/CMakeFiles/CMakeTmp/src.cxx
Linking CXX executable cmTC_32c22
/usr/bin/cmake -E cmake_link_script CMakeFiles/cmTC_32c22.dir/link.txt --verbose=1
/usr/bin/c++    -pedantic -Wall -Wextra -Wundef -Wcast-align -Wchar-subscripts -Wnon-virtual-dtor -Wunused-local-typedefs -Wpointer-arith -Wwrite-strings -Wformat-security -Wlogical-op -Wdouble-promotion -DCOMPILER_SUPPORT_Wnopsabi -Werror    CMakeFiles/cmTC_32c22.dir/src.cxx.o  -o cmTC_32c22 -rdynamic 
make[1]: Leaving directory '/home/pi/QT/MF/src/eigen3/eigen/build/CMakeFiles/CMakeTmp'

Source file was:
int main() { return 0; }
Performing C++ SOURCE FILE Test COMPILER_SUPPORT_Wnovariadicmacros succeeded with the following output:
Change Dir: /home/pi/QT/MF/src/eigen3/eigen/build/CMakeFiles/CMakeTmp

Run Build Command:"/usr/bin/make" "cmTC_4cfdf/fast"
/usr/bin/make -f CMakeFiles/cmTC_4cfdf.dir/build.make CMakeFiles/cmTC_4cfdf.dir/build
make[1]: Entering directory '/home/pi/QT/MF/src/eigen3/eigen/build/CMakeFiles/CMakeTmp'
Building CXX object CMakeFiles/cmTC_4cfdf.dir/src.cxx.o
/usr/bin/c++     -pedantic -Wall -Wextra -Wundef -Wcast-align -Wchar-subscripts -Wnon-virtual-dtor -Wunused-local-typedefs -Wpointer-arith -Wwrite-strings -Wformat-security -Wlogical-op -Wdouble-promotion -Wno-psabi -DCOMPILER_SUPPORT_Wnovariadicmacros -Werror   -Wno-variadic-macros -o CMakeFiles/cmTC_4cfdf.dir/src.cxx.o -c /home/pi/QT/MF/src/eigen3/eigen/build/CMakeFiles/CMakeTmp/src.cxx
Linking CXX executable cmTC_4cfdf
/usr/bin/cmake -E cmake_link_script CMakeFiles/cmTC_4cfdf.dir/link.txt --verbose=1
/usr/bin/c++    -pedantic -Wall -Wextra -Wundef -Wcast-align -Wchar-subscripts -Wnon-virtual-dtor -Wunused-local-typedefs -Wpointer-arith -Wwrite-strings -Wformat-security -Wlogical-op -Wdouble-promotion -Wno-psabi -DCOMPILER_SUPPORT_Wnovariadicmacros -Werror    CMakeFiles/cmTC_4cfdf.dir/src.cxx.o  -o cmTC_4cfdf -rdynamic 
make[1]: Leaving directory '/home/pi/QT/MF/src/eigen3/eigen/build/CMakeFiles/CMakeTmp'

Source file was:
int main() { return 0; }
Performing C++ SOURCE FILE Test COMPILER_SUPPORT_Wnolonglong succeeded with the following output:
Change Dir: /home/pi/QT/MF/src/eigen3/eigen/build/CMakeFiles/CMakeTmp

Run Build Command:"/usr/bin/make" "cmTC_21d88/fast"
/usr/bin/make -f CMakeFiles/cmTC_21d88.dir/build.make CMakeFiles/cmTC_21d88.dir/build
make[1]: Entering directory '/home/pi/QT/MF/src/eigen3/eigen/build/CMakeFiles/CMakeTmp'
Building CXX object CMakeFiles/cmTC_21d88.dir/src.cxx.o
/usr/bin/c++     -pedantic -Wall -Wextra -Wundef -Wcast-align -Wchar-subscripts -Wnon-virtual-dtor -Wunused-local-typedefs -Wpointer-arith -Wwrite-strings -Wformat-security -Wlogical-op -Wdouble-promotion -Wno-psabi -Wno-variadic-macros -DCOMPILER_SUPPORT_Wnolonglong -Werror   -Wno-long-long -o CMakeFiles/cmTC_21d88.dir/src.cxx.o -c /home/pi/QT/MF/src/eigen3/eigen/build/CMakeFiles/CMakeTmp/src.cxx
Linking CXX executable cmTC_21d88
/usr/bin/cmake -E cmake_link_script CMakeFiles/cmTC_21d88.dir/link.txt --verbose=1
/usr/bin/c++    -pedantic -Wall -Wextra -Wundef -Wcast-align -Wchar-subscripts -Wnon-virtual-dtor -Wunused-local-typedefs -Wpointer-arith -Wwrite-strings -Wformat-security -Wlogical-op -Wdouble-promotion -Wno-psabi -Wno-variadic-macros -DCOMPILER_SUPPORT_Wnolonglong -Werror    CMakeFiles/cmTC_21d88.dir/src.cxx.o  -o cmTC_21d88 -rdynamic 
make[1]: Leaving directory '/home/pi/QT/MF/src/eigen3/eigen/build/CMakeFiles/CMakeTmp'

Source file was:
int main() { return 0; }
Performing C++ SOURCE FILE Test COMPILER_SUPPORT_fnochecknew succeeded with the following output:
Change Dir: /home/pi/QT/MF/src/eigen3/eigen/build/CMakeFiles/CMakeTmp

Run Build Command:"/usr/bin/make" "cmTC_467ae/fast"
/usr/bin/make -f CMakeFiles/cmTC_467ae.dir/build.make CMakeFiles/cmTC_467ae.dir/build
make[1]: Entering directory '/home/pi/QT/MF/src/eigen3/eigen/build/CMakeFiles/CMakeTmp'
Building CXX object CMakeFiles/cmTC_467ae.dir/src.cxx.o
/usr/bin/c++     -pedantic -Wall -Wextra -Wundef -Wcast-align -Wchar-subscripts -Wnon-virtual-dtor -Wunused-local-typedefs -Wpointer-arith -Wwrite-strings -Wformat-security -Wlogical-op -Wdouble-promotion -Wno-psabi -Wno-variadic-macros -Wno-long-long -DCOMPILER_SUPPORT_fnochecknew -Werror   -fno-check-new -o CMakeFiles/cmTC_467ae.dir/src.cxx.o -c /home/pi/QT/MF/src/eigen3/eigen/build/CMakeFiles/CMakeTmp/src.cxx
Linking CXX executable cmTC_467ae
/usr/bin/cmake -E cmake_link_script CMakeFiles/cmTC_467ae.dir/link.txt --verbose=1
/usr/bin/c++    -pedantic -Wall -Wextra -Wundef -Wcast-align -Wchar-subscripts -Wnon-virtual-dtor -Wunused-local-typedefs -Wpointer-arith -Wwrite-strings -Wformat-security -Wlogical-op -Wdouble-promotion -Wno-psabi -Wno-variadic-macros -Wno-long-long -DCOMPILER_SUPPORT_fnochecknew -Werror    CMakeFiles/cmTC_467ae.dir/src.cxx.o  -o cmTC_467ae -rdynamic 
make[1]: Leaving directory '/home/pi/QT/MF/src/eigen3/eigen/build/CMakeFiles/CMakeTmp'

Source file was:
int main() { return 0; }
Performing C++ SOURCE FILE Test COMPILER_SUPPORT_fnocommon succeeded with the following output:
Change Dir: /home/pi/QT/MF/src/eigen3/eigen/build/CMakeFiles/CMakeTmp

Run Build Command:"/usr/bin/make" "cmTC_7685a/fast"
/usr/bin/make -f CMakeFiles/cmTC_7685a.dir/build.make CMakeFiles/cmTC_7685a.dir/build
make[1]: Entering directory '/home/pi/QT/MF/src/eigen3/eigen/build/CMakeFiles/CMakeTmp'
Building CXX object CMakeFiles/cmTC_7685a.dir/src.cxx.o
/usr/bin/c++     -pedantic -Wall -Wextra -Wundef -Wcast-align -Wchar-subscripts -Wnon-virtual-dtor -Wunused-local-typedefs -Wpointer-arith -Wwrite-strings -Wformat-security -Wlogical-op -Wdouble-promotion -Wno-psabi -Wno-variadic-macros -Wno-long-long -fno-check-new -DCOMPILER_SUPPORT_fnocommon -Werror   -fno-common -o CMakeFiles/cmTC_7685a.dir/src.cxx.o -c /home/pi/QT/MF/src/eigen3/eigen/build/CMakeFiles/CMakeTmp/src.cxx
Linking CXX executable cmTC_7685a
/usr/bin/cmake -E cmake_link_script CMakeFiles/cmTC_7685a.dir/link.txt --verbose=1
/usr/bin/c++    -pedantic -Wall -Wextra -Wundef -Wcast-align -Wchar-subscripts -Wnon-virtual-dtor -Wunused-local-typedefs -Wpointer-arith -Wwrite-strings -Wformat-security -Wlogical-op -Wdouble-promotion -Wno-psabi -Wno-variadic-macros -Wno-long-long -fno-check-new -DCOMPILER_SUPPORT_fnocommon -Werror    CMakeFiles/cmTC_7685a.dir/src.cxx.o  -o cmTC_7685a -rdynamic 
make[1]: Leaving directory '/home/pi/QT/MF/src/eigen3/eigen/build/CMakeFiles/CMakeTmp'

Source file was:
int main() { return 0; }
Performing C++ SOURCE FILE Test COMPILER_SUPPORT_fstrictaliasing succeeded with the following output:
Change Dir: /home/pi/QT/MF/src/eigen3/eigen/build/CMakeFiles/CMakeTmp

Run Build Command:"/usr/bin/make" "cmTC_f0181/fast"
/usr/bin/make -f CMakeFiles/cmTC_f0181.dir/build.make CMakeFiles/cmTC_f0181.dir/build
make[1]: Entering directory '/home/pi/QT/MF/src/eigen3/eigen/build/CMakeFiles/CMakeTmp'
Building CXX object CMakeFiles/cmTC_f0181.dir/src.cxx.o
/usr/bin/c++     -pedantic -Wall -Wextra -Wundef -Wcast-align -Wchar-subscripts -Wnon-virtual-dtor -Wunused-local-typedefs -Wpointer-arith -Wwrite-strings -Wformat-security -Wlogical-op -Wdouble-promotion -Wno-psabi -Wno-variadic-macros -Wno-long-long -fno-check-new -fno-common -DCOMPILER_SUPPORT_fstrictaliasing -Werror   -fstrict-aliasing -o CMakeFiles/cmTC_f0181.dir/src.cxx.o -c /home/pi/QT/MF/src/eigen3/eigen/build/CMakeFiles/CMakeTmp/src.cxx
Linking CXX executable cmTC_f0181
/usr/bin/cmake -E cmake_link_script CMakeFiles/cmTC_f0181.dir/link.txt --verbose=1
/usr/bin/c++    -pedantic -Wall -Wextra -Wundef -Wcast-align -Wchar-subscripts -Wnon-virtual-dtor -Wunused-local-typedefs -Wpointer-arith -Wwrite-strings -Wformat-security -Wlogical-op -Wdouble-promotion -Wno-psabi -Wno-variadic-macros -Wno-long-long -fno-check-new -fno-common -DCOMPILER_SUPPORT_fstrictaliasing -Werror    CMakeFiles/cmTC_f0181.dir/src.cxx.o  -o cmTC_f0181 -rdynamic 
make[1]: Leaving directory '/home/pi/QT/MF/src/eigen3/eigen/build/CMakeFiles/CMakeTmp'

Source file was:
int main() { return 0; }
Performing C++ SOURCE FILE Test COMPILER_SUPPORT_ansi succeeded with the following output:
Change Dir: /home/pi/QT/MF/src/eigen3/eigen/build/CMakeFiles/CMakeTmp

Run Build Command:"/usr/bin/make" "cmTC_ae786/fast"
/usr/bin/make -f CMakeFiles/cmTC_ae786.dir/build.make CMakeFiles/cmTC_ae786.dir/build
make[1]: Entering directory '/home/pi/QT/MF/src/eigen3/eigen/build/CMakeFiles/CMakeTmp'
Building CXX object CMakeFiles/cmTC_ae786.dir/src.cxx.o
/usr/bin/c++     -pedantic -Wall -Wextra -Wundef -Wcast-align -Wchar-subscripts -Wnon-virtual-dtor -Wunused-local-typedefs -Wpointer-arith -Wwrite-strings -Wformat-security -Wlogical-op -Wdouble-promotion -Wno-psabi -Wno-variadic-macros -Wno-long-long -fno-check-new -fno-common -fstrict-aliasing -DCOMPILER_SUPPORT_ansi -Werror   -ansi -o CMakeFiles/cmTC_ae786.dir/src.cxx.o -c /home/pi/QT/MF/src/eigen3/eigen/build/CMakeFiles/CMakeTmp/src.cxx
Linking CXX executable cmTC_ae786
/usr/bin/cmake -E cmake_link_script CMakeFiles/cmTC_ae786.dir/link.txt --verbose=1
/usr/bin/c++    -pedantic -Wall -Wextra -Wundef -Wcast-align -Wchar-subscripts -Wnon-virtual-dtor -Wunused-local-typedefs -Wpointer-arith -Wwrite-strings -Wformat-security -Wlogical-op -Wdouble-promotion -Wno-psabi -Wno-variadic-macros -Wno-long-long -fno-check-new -fno-common -fstrict-aliasing -DCOMPILER_SUPPORT_ansi -Werror    CMakeFiles/cmTC_ae786.dir/src.cxx.o  -o cmTC_ae786 -rdynamic 
make[1]: Leaving directory '/home/pi/QT/MF/src/eigen3/eigen/build/CMakeFiles/CMakeTmp'

Source file was:
int main() { return 0; }
Performing C++ SOURCE FILE Test COMPILER_SUPPORT_OPENMP succeeded with the following output:
Change Dir: /home/pi/QT/MF/src/eigen3/eigen/build/CMakeFiles/CMakeTmp

Run Build Command:"/usr/bin/make" "cmTC_bd91b/fast"
/usr/bin/make -f CMakeFiles/cmTC_bd91b.dir/build.make CMakeFiles/cmTC_bd91b.dir/build
make[1]: Entering directory '/home/pi/QT/MF/src/eigen3/eigen/build/CMakeFiles/CMakeTmp'
Building CXX object CMakeFiles/cmTC_bd91b.dir/src.cxx.o
/usr/bin/c++     -pedantic -Wall -Wextra -Wundef -Wcast-align -Wchar-subscripts -Wnon-virtual-dtor -Wunused-local-typedefs -Wpointer-arith -Wwrite-strings -Wformat-security -Wlogical-op -Wdouble-promotion -Wno-psabi -Wno-variadic-macros -Wno-long-long -fno-check-new -fno-common -fstrict-aliasing -ansi -DCOMPILER_SUPPORT_OPENMP   -fopenmp -o CMakeFiles/cmTC_bd91b.dir/src.cxx.o -c /home/pi/QT/MF/src/eigen3/eigen/build/CMakeFiles/CMakeTmp/src.cxx
Linking CXX executable cmTC_bd91b
/usr/bin/cmake -E cmake_link_script CMakeFiles/cmTC_bd91b.dir/link.txt --verbose=1
/usr/bin/c++    -pedantic -Wall -Wextra -Wundef -Wcast-align -Wchar-subscripts -Wnon-virtual-dtor -Wunused-local-typedefs -Wpointer-arith -Wwrite-strings -Wformat-security -Wlogical-op -Wdouble-promotion -Wno-psabi -Wno-variadic-macros -Wno-long-long -fno-check-new -fno-common -fstrict-aliasing -ansi -DCOMPILER_SUPPORT_OPENMP    CMakeFiles/cmTC_bd91b.dir/src.cxx.o  -o cmTC_bd91b -rdynamic 
make[1]: Leaving directory '/home/pi/QT/MF/src/eigen3/eigen/build/CMakeFiles/CMakeTmp'

Source file was:
int main() { return 0; }
Performing C++ SOURCE FILE Test EIGEN_COMPILER_SUPPORT_CPP11 succeeded with the following output:
Change Dir: /home/pi/QT/MF/src/eigen3/eigen/build/CMakeFiles/CMakeTmp

Run Build Command:"/usr/bin/make" "cmTC_e27e4/fast"
/usr/bin/make -f CMakeFiles/cmTC_e27e4.dir/build.make CMakeFiles/cmTC_e27e4.dir/build
make[1]: Entering directory '/home/pi/QT/MF/src/eigen3/eigen/build/CMakeFiles/CMakeTmp'
Building CXX object CMakeFiles/cmTC_e27e4.dir/src.cxx.o
/usr/bin/c++     -pedantic -Wall -Wextra -Wundef -Wcast-align -Wchar-subscripts -Wnon-virtual-dtor -Wunused-local-typedefs -Wpointer-arith -Wwrite-strings -Wformat-security -Wlogical-op -Wdouble-promotion -Wno-psabi -Wno-variadic-macros -Wno-long-long -fno-check-new -fno-common -fstrict-aliasing -ansi -O1 -g1 -DEIGEN_COMPILER_SUPPORT_CPP11   -std=c++11 -o CMakeFiles/cmTC_e27e4.dir/src.cxx.o -c /home/pi/QT/MF/src/eigen3/eigen/build/CMakeFiles/CMakeTmp/src.cxx
Linking CXX executable cmTC_e27e4
/usr/bin/cmake -E cmake_link_script CMakeFiles/cmTC_e27e4.dir/link.txt --verbose=1
/usr/bin/c++    -pedantic -Wall -Wextra -Wundef -Wcast-align -Wchar-subscripts -Wnon-virtual-dtor -Wunused-local-typedefs -Wpointer-arith -Wwrite-strings -Wformat-security -Wlogical-op -Wdouble-promotion -Wno-psabi -Wno-variadic-macros -Wno-long-long -fno-check-new -fno-common -fstrict-aliasing -ansi -O1 -g1 -DEIGEN_COMPILER_SUPPORT_CPP11    CMakeFiles/cmTC_e27e4.dir/src.cxx.o  -o cmTC_e27e4 -rdynamic 
make[1]: Leaving directory '/home/pi/QT/MF/src/eigen3/eigen/build/CMakeFiles/CMakeTmp'

Source file was:
int main() { return 0; }
Performing C++ SOURCE FILE Test EIGEN_COMPILER_SUPPORT_CXX11 succeeded with the following output:
Change Dir: /home/pi/QT/MF/src/eigen3/eigen/build/CMakeFiles/CMakeTmp

Run Build Command:"/usr/bin/make" "cmTC_2266c/fast"
/usr/bin/make -f CMakeFiles/cmTC_2266c.dir/build.make CMakeFiles/cmTC_2266c.dir/build
make[1]: Entering directory '/home/pi/QT/MF/src/eigen3/eigen/build/CMakeFiles/CMakeTmp'
Building CXX object CMakeFiles/cmTC_2266c.dir/src.cxx.o
/usr/bin/c++     -pedantic -Wall -Wextra -Wundef -Wcast-align -Wchar-subscripts -Wnon-virtual-dtor -Wunused-local-typedefs -Wpointer-arith -Wwrite-strings -Wformat-security -Wlogical-op -Wdouble-promotion -Wno-psabi -Wno-variadic-macros -Wno-long-long -fno-check-new -fno-common -fstrict-aliasing -ansi -DEIGEN_COMPILER_SUPPORT_CXX11   -std=c++11 -o CMakeFiles/cmTC_2266c.dir/src.cxx.o -c /home/pi/QT/MF/src/eigen3/eigen/build/CMakeFiles/CMakeTmp/src.cxx
Linking CXX executable cmTC_2266c
/usr/bin/cmake -E cmake_link_script CMakeFiles/cmTC_2266c.dir/link.txt --verbose=1
/usr/bin/c++    -pedantic -Wall -Wextra -Wundef -Wcast-align -Wchar-subscripts -Wnon-virtual-dtor -Wunused-local-typedefs -Wpointer-arith -Wwrite-strings -Wformat-security -Wlogical-op -Wdouble-promotion -Wno-psabi -Wno-variadic-macros -Wno-long-long -fno-check-new -fno-common -fstrict-aliasing -ansi -DEIGEN_COMPILER_SUPPORT_CXX11    CMakeFiles/cmTC_2266c.dir/src.cxx.o  -o cmTC_2266c -rdynamic 
make[1]: Leaving directory '/home/pi/QT/MF/src/eigen3/eigen/build/CMakeFiles/CMakeTmp'

Source file was:
int main() { return 0; }
Determining if the include file pthread.h exists passed with the following output:
Change Dir: /home/pi/QT/MF/src/eigen3/eigen/build/CMakeFiles/CMakeTmp

Run Build Command:"/usr/bin/make" "cmTC_12bf8/fast"
/usr/bin/make -f CMakeFiles/cmTC_12bf8.dir/build.make CMakeFiles/cmTC_12bf8.dir/build
make[1]: Entering directory '/home/pi/QT/MF/src/eigen3/eigen/build/CMakeFiles/CMakeTmp'
Building C object CMakeFiles/cmTC_12bf8.dir/CheckIncludeFile.c.o
/usr/bin/cc     -o CMakeFiles/cmTC_12bf8.dir/CheckIncludeFile.c.o   -c /home/pi/QT/MF/src/eigen3/eigen/build/CMakeFiles/CMakeTmp/CheckIncludeFile.c
Linking C executable cmTC_12bf8
/usr/bin/cmake -E cmake_link_script CMakeFiles/cmTC_12bf8.dir/link.txt --verbose=1
/usr/bin/cc       CMakeFiles/cmTC_12bf8.dir/CheckIncludeFile.c.o  -o cmTC_12bf8 -rdynamic 
make[1]: Leaving directory '/home/pi/QT/MF/src/eigen3/eigen/build/CMakeFiles/CMakeTmp'


Determining if the function pthread_create exists in the pthread passed with the following output:
Change Dir: /home/pi/QT/MF/src/eigen3/eigen/build/CMakeFiles/CMakeTmp

Run Build Command:"/usr/bin/make" "cmTC_d32ab/fast"
/usr/bin/make -f CMakeFiles/cmTC_d32ab.dir/build.make CMakeFiles/cmTC_d32ab.dir/build
make[1]: Entering directory '/home/pi/QT/MF/src/eigen3/eigen/build/CMakeFiles/CMakeTmp'
Building C object CMakeFiles/cmTC_d32ab.dir/CheckFunctionExists.c.o
/usr/bin/cc    -DCHECK_FUNCTION_EXISTS=pthread_create   -o CMakeFiles/cmTC_d32ab.dir/CheckFunctionExists.c.o   -c /usr/share/cmake-3.6/Modules/CheckFunctionExists.c
Linking C executable cmTC_d32ab
/usr/bin/cmake -E cmake_link_script CMakeFiles/cmTC_d32ab.dir/link.txt --verbose=1
/usr/bin/cc   -DCHECK_FUNCTION_EXISTS=pthread_create    CMakeFiles/cmTC_d32ab.dir/CheckFunctionExists.c.o  -o cmTC_d32ab -rdynamic -lpthread 
make[1]: Leaving directory '/home/pi/QT/MF/src/eigen3/eigen/build/CMakeFiles/CMakeTmp'


Performing C++ SOURCE FILE Test COMPILER_SUPPORT_FASTMATH succeeded with the following output:
Change Dir: /home/pi/QT/MF/src/eigen3/eigen/build/CMakeFiles/CMakeTmp

Run Build Command:"/usr/bin/make" "cmTC_d41f8/fast"
/usr/bin/make -f CMakeFiles/cmTC_d41f8.dir/build.make CMakeFiles/cmTC_d41f8.dir/build
make[1]: Entering directory '/home/pi/QT/MF/src/eigen3/eigen/build/CMakeFiles/CMakeTmp'
Building CXX object CMakeFiles/cmTC_d41f8.dir/src.cxx.o
/usr/bin/c++     -pedantic -Wall -Wextra -Wundef -Wcast-align -Wchar-subscripts -Wnon-virtual-dtor -Wunused-local-typedefs -Wpointer-arith -Wwrite-strings -Wformat-security -Wlogical-op -Wdouble-promotion -Wno-psabi -Wno-variadic-macros -Wno-long-long -fno-check-new -fno-common -fstrict-aliasing -ansi -DCOMPILER_SUPPORT_FASTMATH -fopenmp   -ffast-math -o CMakeFiles/cmTC_d41f8.dir/src.cxx.o -c /home/pi/QT/MF/src/eigen3/eigen/build/CMakeFiles/CMakeTmp/src.cxx
Linking CXX executable cmTC_d41f8
/usr/bin/cmake -E cmake_link_script CMakeFiles/cmTC_d41f8.dir/link.txt --verbose=1
/usr/bin/c++    -pedantic -Wall -Wextra -Wundef -Wcast-align -Wchar-subscripts -Wnon-virtual-dtor -Wunused-local-typedefs -Wpointer-arith -Wwrite-strings -Wformat-security -Wlogical-op -Wdouble-promotion -Wno-psabi -Wno-variadic-macros -Wno-long-long -fno-check-new -fno-common -fstrict-aliasing -ansi -DCOMPILER_SUPPORT_FASTMATH -fopenmp    CMakeFiles/cmTC_d41f8.dir/src.cxx.o  -o cmTC_d41f8 -rdynamic 
make[1]: Leaving directory '/home/pi/QT/MF/src/eigen3/eigen/build/CMakeFiles/CMakeTmp'

Source file was:
int main() { return 0; }
